SF:C:\Users\kimri\.nuget\packages\microsoft.windowsappsdk\1.5.240802000\include\UndockedRegFreeWinRT-AutoInitializer.cs
FN:24,System.Void Microsoft.Windows.Foundation.UndockedRegFreeWinRTCS.AutoInitialize::AccessWindowsAppSDK()
FNDA:1,System.Void Microsoft.Windows.Foundation.UndockedRegFreeWinRTCS.AutoInitialize::AccessWindowsAppSDK()
DA:25,1
DA:27,1
DA:33,1
DA:34,1
LF:4
LH:4
BRF:0
BRH:0
FNF:1
FNH:1
end_of_record
SF:C:\Users\kimri\OneDrive\Desktop\DKSK\App.xaml.cs
FN:10,Microsoft.Maui.Controls.Window DKSKMaui.App::CreateWindow(Microsoft.Maui.IActivationState)
FNDA:0,Microsoft.Maui.Controls.Window DKSKMaui.App::CreateWindow(Microsoft.Maui.IActivationState)
DA:11,0
DA:12,0
DA:13,0
DA:14,0
DA:15,0
DA:16,0
DA:17,0
DA:18,0
FN:4,System.Void DKSKMaui.App::.ctor()
FNDA:0,System.Void DKSKMaui.App::.ctor()
DA:5,0
DA:6,0
DA:7,0
DA:8,0
LF:12
LH:0
BRF:0
BRH:0
FNF:2
FNH:0
end_of_record
SF:C:\Users\kimri\OneDrive\Desktop\DKSK\MainPage.xaml.cs
FN:4,System.Void DKSKMaui.MainPage::.ctor()
FNDA:0,System.Void DKSKMaui.MainPage::.ctor()
DA:5,0
DA:6,0
DA:7,0
DA:8,0
LF:4
LH:0
BRF:0
BRH:0
FNF:1
FNH:0
end_of_record
SF:C:\Users\kimri\OneDrive\Desktop\DKSK\Components\TestApp.razor
FN:2,System.Void DKSKMaui.Components.TestApp::BuildRenderTree(Microsoft.AspNetCore.Components.Rendering.RenderTreeBuilder)
FNDA:0,System.Void DKSKMaui.Components.TestApp::BuildRenderTree(Microsoft.AspNetCore.Components.Rendering.RenderTreeBuilder)
DA:3,0
LF:1
LH:0
BRF:0
BRH:0
FNF:1
FNH:0
end_of_record
SF:C:\Users\kimri\OneDrive\Desktop\DKSK\Components\Pages\Counter.razor
FN:4,System.Void DKSKMaui.Components.Pages.Counter::BuildRenderTree(Microsoft.AspNetCore.Components.Rendering.RenderTreeBuilder)
FNDA:27,System.Void DKSKMaui.Components.Pages.Counter::BuildRenderTree(Microsoft.AspNetCore.Components.Rendering.RenderTreeBuilder)
DA:5,27
FN:12,System.Void DKSKMaui.Components.Pages.Counter::IncrementCount()
FNDA:10,System.Void DKSKMaui.Components.Pages.Counter::IncrementCount()
DA:13,10
DA:14,10
DA:15,10
FN:9,System.Void DKSKMaui.Components.Pages.Counter::.ctor()
FNDA:18,System.Void DKSKMaui.Components.Pages.Counter::.ctor()
DA:10,18
LF:5
LH:5
BRF:0
BRH:0
FNF:3
FNH:3
end_of_record
SF:C:\Users\kimri\OneDrive\Desktop\DKSK\Components\Pages\Error.razor
FN:18,System.Void DKSKMaui.Components.Pages.Error::BuildRenderTree(Microsoft.AspNetCore.Components.Rendering.RenderTreeBuilder)
FNDA:9,System.Void DKSKMaui.Components.Pages.Error::BuildRenderTree(Microsoft.AspNetCore.Components.Rendering.RenderTreeBuilder)
DA:19,9
DA:20,9
DA:22,9
DA:24,9
BRDA:19,277,0,9
BRDA:19,277,1,9
FN:52,System.Void DKSKMaui.Components.Pages.Error::OnInitialized()
FNDA:9,System.Void DKSKMaui.Components.Pages.Error::OnInitialized()
DA:53,9
DA:54,9
DA:56,9
DA:57,9
DA:58,9
DA:59,9
DA:60,9
BRDA:54,8,0,9
BRDA:54,8,1,0
BRDA:54,20,0,9
BRDA:54,20,1,9
BRDA:56,64,0,9
BRDA:56,64,1,9
LF:11
LH:11
BRF:8
BRH:7
FNF:2
FNH:2
end_of_record
SF:C:\Users\kimri\OneDrive\Desktop\DKSK\Components\Pages\Home.razor
FN:5,System.Void DKSKMaui.Components.Pages.Home::BuildRenderTree(Microsoft.AspNetCore.Components.Rendering.RenderTreeBuilder)
FNDA:6,System.Void DKSKMaui.Components.Pages.Home::BuildRenderTree(Microsoft.AspNetCore.Components.Rendering.RenderTreeBuilder)
DA:6,6
DA:7,6
DA:41,6
BRDA:6,12,0,6
BRDA:6,12,1,6
LF:3
LH:3
BRF:2
BRH:2
FNF:1
FNH:1
end_of_record
SF:C:\Users\kimri\OneDrive\Desktop\DKSK\Components\Pages\Weather.razor
FN:6,System.Void DKSKMaui.Components.Pages.Weather::BuildRenderTree(Microsoft.AspNetCore.Components.Rendering.RenderTreeBuilder)
FNDA:40,System.Void DKSKMaui.Components.Pages.Weather::BuildRenderTree(Microsoft.AspNetCore.Components.Rendering.RenderTreeBuilder)
DA:7,40
DA:8,17
DA:10,17
DA:12,23
DA:23,299
DA:24,115
DA:26,115
DA:27,115
DA:28,115
DA:29,115
DA:31,115
DA:34,23
BRDA:7,38,0,17
BRDA:7,38,1,23
BRDA:23,371,1,115
BRDA:23,371,0,23
FN:58,System.Int32 DKSKMaui.Components.Pages.Weather/WeatherForecast::get_TemperatureF()
FNDA:115,System.Int32 DKSKMaui.Components.Pages.Weather/WeatherForecast::get_TemperatureF()
DA:59,115
LF:13
LH:13
BRF:4
BRH:4
FNF:2
FNH:2
end_of_record
SF:C:\Users\kimri\OneDrive\Desktop\DKSK\Components\Pages\AccountsReceivable\AccountsReceivable.razor
FN:25,System.Void DKSKMaui.Components.Pages.AccountsReceivable.AccountsReceivable::BuildRenderTree(Microsoft.AspNetCore.Components.Rendering.RenderTreeBuilder)
FNDA:0,System.Void DKSKMaui.Components.Pages.AccountsReceivable.AccountsReceivable::BuildRenderTree(Microsoft.AspNetCore.Components.Rendering.RenderTreeBuilder)
DA:26,0
DA:27,0
DA:90,0
BRDA:26,521,0,0
BRDA:26,521,1,0
BRDA:26,539,0,0
BRDA:26,539,1,0
FN:123,System.Void DKSKMaui.Components.Pages.AccountsReceivable.AccountsReceivable::OnColumnReordered(Radzen.DataGridColumnReorderedEventArgs`1<DKSKMaui.Backend.Models.Invoice>)
FNDA:0,System.Void DKSKMaui.Components.Pages.AccountsReceivable.AccountsReceivable::OnColumnReordered(Radzen.DataGridColumnReorderedEventArgs`1<DKSKMaui.Backend.Models.Invoice>)
DA:124,0
DA:125,0
DA:126,0
DA:127,0
FN:159,System.Void DKSKMaui.Components.Pages.AccountsReceivable.AccountsReceivable::CheckGridInitialization(System.Object)
FNDA:0,System.Void DKSKMaui.Components.Pages.AccountsReceivable.AccountsReceivable::CheckGridInitialization(System.Object)
DA:160,0
DA:161,0
DA:162,0
DA:164,0
DA:165,0
DA:166,0
DA:167,0
DA:168,0
DA:169,0
DA:170,0
DA:171,0
DA:172,0
DA:173,0
DA:174,0
DA:175,0
DA:176,0
DA:177,0
BRDA:161,7,0,0
BRDA:161,7,1,0
BRDA:161,23,0,0
BRDA:161,23,1,0
FN:194,System.Void DKSKMaui.Components.Pages.AccountsReceivable.AccountsReceivable::Dispose()
FNDA:0,System.Void DKSKMaui.Components.Pages.AccountsReceivable.AccountsReceivable::Dispose()
DA:195,0
DA:196,0
DA:197,0
BRDA:196,8,0,0
BRDA:196,8,1,0
FN:235,System.Collections.Generic.List`1<DKSKMaui.Backend.Models.JobDiscription> DKSKMaui.Components.Pages.AccountsReceivable.AccountsReceivable::GetJDList(DKSKMaui.Backend.Models.Invoice)
FNDA:0,System.Collections.Generic.List`1<DKSKMaui.Backend.Models.JobDiscription> DKSKMaui.Components.Pages.AccountsReceivable.AccountsReceivable::GetJDList(DKSKMaui.Backend.Models.Invoice)
DA:236,0
DA:237,0
DA:238,0
DA:239,0
DA:241,0
DA:242,0
DA:243,0
DA:244,0
DA:245,0
DA:246,0
DA:247,0
DA:248,0
DA:249,0
DA:250,0
DA:251,0
DA:252,0
DA:254,0
DA:255,0
DA:256,0
DA:257,0
DA:258,0
DA:259,0
DA:260,0
DA:261,0
DA:262,0
DA:264,0
DA:265,0
DA:266,0
DA:267,0
BRDA:238,23,0,0
BRDA:243,203,1,0
BRDA:246,137,1,0
BRDA:248,112,0,0
BRDA:248,112,1,0
BRDA:246,137,0,0
BRDA:255,162,0,0
BRDA:255,162,1,0
BRDA:243,203,0,0
BRDA:238,23,1,0
FN:268,System.Void DKSKMaui.Components.Pages.AccountsReceivable.AccountsReceivable::OnCompanyNameChanged(System.Object)
FNDA:0,System.Void DKSKMaui.Components.Pages.AccountsReceivable.AccountsReceivable::OnCompanyNameChanged(System.Object)
DA:269,0
DA:270,0
DA:272,0
DA:273,0
FN:274,System.Void DKSKMaui.Components.Pages.AccountsReceivable.AccountsReceivable::OnFilter()
FNDA:0,System.Void DKSKMaui.Components.Pages.AccountsReceivable.AccountsReceivable::OnFilter()
DA:275,0
DA:277,0
DA:278,0
DA:279,0
DA:280,0
DA:282,0
DA:283,0
DA:285,0
DA:287,0
DA:288,0
BRDA:277,19,0,0
BRDA:277,19,1,0
FN:290,System.Void DKSKMaui.Components.Pages.AccountsReceivable.AccountsReceivable::OnCheckboxChanged(DKSKMaui.Backend.Models.Invoice,System.Object)
FNDA:0,System.Void DKSKMaui.Components.Pages.AccountsReceivable.AccountsReceivable::OnCheckboxChanged(DKSKMaui.Backend.Models.Invoice,System.Object)
DA:291,0
DA:292,0
DA:293,0
DA:294,0
DA:295,0
DA:296,0
DA:297,0
DA:298,0
DA:299,0
DA:301,0
DA:302,0
DA:303,0
DA:304,0
BRDA:293,11,0,0
BRDA:295,31,0,0
BRDA:295,31,1,0
BRDA:293,11,1,0
FN:105,System.Void DKSKMaui.Components.Pages.AccountsReceivable.AccountsReceivable::.ctor()
FNDA:3,System.Void DKSKMaui.Components.Pages.AccountsReceivable.AccountsReceivable::.ctor()
DA:106,3
DA:107,3
DA:108,3
DA:109,3
DA:110,3
DA:111,3
DA:113,3
DA:114,3
DA:116,3
DA:118,3
DA:119,3
DA:120,3
DA:157,3
LF:96
LH:13
BRF:26
BRH:0
FNF:9
FNH:1
end_of_record
SF:C:\Users\kimri\OneDrive\Desktop\DKSK\Components\Pages\Test\TestPage.razor
FN:137,System.Void DKSKMaui.Components.Pages.Test.TestPage::AddLog(System.String,System.String)
FNDA:0,System.Void DKSKMaui.Components.Pages.Test.TestPage::AddLog(System.String,System.String)
DA:138,0
DA:139,0
DA:140,0
DA:141,0
DA:142,0
DA:143,0
DA:144,0
DA:147,0
DA:148,0
DA:149,0
DA:150,0
DA:151,0
BRDA:147,64,0,0
BRDA:147,64,1,0
FN:153,System.Void DKSKMaui.Components.Pages.Test.TestPage::ClearLog()
FNDA:0,System.Void DKSKMaui.Components.Pages.Test.TestPage::ClearLog()
DA:154,0
DA:155,0
DA:156,0
DA:157,0
FN:158,System.String DKSKMaui.Components.Pages.Test.TestPage::GetLogBadgeClass(System.String)
FNDA:0,System.String DKSKMaui.Components.Pages.Test.TestPage::GetLogBadgeClass(System.String)
DA:159,0
DA:160,0
DA:161,0
DA:162,0
DA:163,0
DA:164,0
DA:165,0
BRDA:159,15,0,0
BRDA:159,28,0,0
BRDA:159,15,1,0
BRDA:159,28,1,0
BRDA:159,41,1,0
BRDA:159,41,0,0
FN:75,System.Void DKSKMaui.Components.Pages.Test.TestPage::.ctor()
FNDA:0,System.Void DKSKMaui.Components.Pages.Test.TestPage::.ctor()
DA:76,0
DA:77,0
DA:78,0
DA:79,0
LF:27
LH:0
BRF:8
BRH:0
FNF:4
FNH:0
end_of_record
SF:C:\Users\kimri\OneDrive\Desktop\DKSK\Components\Pages\Startjob\Startjob.razor
FN:118,System.Void DKSKMaui.Components.Pages.Startjob.Startjob::BuildRenderTree(Microsoft.AspNetCore.Components.Rendering.RenderTreeBuilder)
FNDA:0,System.Void DKSKMaui.Components.Pages.Startjob.Startjob::BuildRenderTree(Microsoft.AspNetCore.Components.Rendering.RenderTreeBuilder)
DA:119,0
DA:120,0
DA:132,0
BRDA:119,2548,1,0
BRDA:119,2548,0,0
FN:173,System.Void DKSKMaui.Components.Pages.Startjob.Startjob::OnInitialized()
FNDA:0,System.Void DKSKMaui.Components.Pages.Startjob.Startjob::OnInitialized()
DA:174,0
DA:176,0
DA:178,0
FN:218,System.Void DKSKMaui.Components.Pages.Startjob.Startjob::HandleCompany(System.String)
FNDA:0,System.Void DKSKMaui.Components.Pages.Startjob.Startjob::HandleCompany(System.String)
DA:219,0
DA:220,0
DA:221,0
DA:222,0
DA:223,0
DA:224,0
DA:225,0
DA:226,0
DA:227,0
DA:228,0
DA:230,0
DA:231,0
DA:232,0
DA:233,0
DA:234,0
DA:235,0
DA:236,0
DA:237,0
DA:238,0
DA:239,0
DA:240,0
DA:241,0
DA:242,0
DA:243,0
DA:244,0
DA:245,0
DA:246,0
DA:247,0
BRDA:223,92,1,0
BRDA:225,51,0,0
BRDA:225,51,1,0
BRDA:223,92,0,0
BRDA:231,102,0,0
BRDA:234,244,1,0
BRDA:236,217,1,0
BRDA:238,193,0,0
BRDA:238,193,1,0
BRDA:236,217,0,0
BRDA:234,244,0,0
BRDA:242,337,1,0
BRDA:242,337,0,0
BRDA:231,102,1,0
FN:248,System.Void DKSKMaui.Components.Pages.Startjob.Startjob::HandleProperty(System.String)
FNDA:0,System.Void DKSKMaui.Components.Pages.Startjob.Startjob::HandleProperty(System.String)
DA:249,0
DA:250,0
DA:251,0
DA:252,0
DA:253,0
DA:254,0
DA:255,0
DA:256,0
DA:257,0
DA:259,0
DA:260,0
DA:261,0
DA:262,0
DA:263,0
DA:264,0
DA:265,0
DA:266,0
DA:267,0
BRDA:252,73,1,0
BRDA:254,45,0,0
BRDA:254,45,1,0
BRDA:252,73,0,0
BRDA:260,86,0,0
BRDA:260,86,1,0
FN:351,System.Void DKSKMaui.Components.Pages.Startjob.Startjob::AddAnotherOption()
FNDA:0,System.Void DKSKMaui.Components.Pages.Startjob.Startjob::AddAnotherOption()
DA:352,0
DA:353,0
DA:354,0
FN:357,System.Void DKSKMaui.Components.Pages.Startjob.Startjob::RemoveJob(DKSKMaui.Components.Pages.Startjob.Startjob/SelectedJob)
FNDA:0,System.Void DKSKMaui.Components.Pages.Startjob.Startjob::RemoveJob(DKSKMaui.Components.Pages.Startjob.Startjob/SelectedJob)
DA:358,0
DA:359,0
DA:360,0
FN:152,System.Void DKSKMaui.Components.Pages.Startjob.Startjob::.ctor()
FNDA:0,System.Void DKSKMaui.Components.Pages.Startjob.Startjob::.ctor()
DA:153,0
DA:154,0
DA:155,0
DA:156,0
DA:157,0
DA:158,0
DA:159,0
DA:160,0
DA:161,0
DA:162,0
DA:163,0
DA:164,0
DA:165,0
DA:166,0
DA:167,0
DA:168,0
DA:169,0
DA:170,0
DA:171,0
LF:77
LH:0
BRF:22
BRH:0
FNF:7
FNH:0
end_of_record
SF:C:\Users\kimri\OneDrive\Desktop\DKSK\Components\Pages\Startjob\StartJobConfirmDialogComponent.razor
FN:125,System.Void DKSKMaui.Components.Pages.Startjob.StartJobConfirmDialogComponent::OnInitialized()
FNDA:0,System.Void DKSKMaui.Components.Pages.Startjob.StartJobConfirmDialogComponent::OnInitialized()
DA:126,0
DA:128,0
DA:129,0
DA:130,0
DA:131,0
DA:132,0
BRDA:128,22,0,0
BRDA:128,22,1,0
FN:134,System.Void DKSKMaui.Components.Pages.Startjob.StartJobConfirmDialogComponent::CloseDialog()
FNDA:0,System.Void DKSKMaui.Components.Pages.Startjob.StartJobConfirmDialogComponent::CloseDialog()
DA:135,0
DA:136,0
DA:137,0
LF:9
LH:0
BRF:2
BRH:0
FNF:2
FNH:0
end_of_record
SF:C:\Users\kimri\OneDrive\Desktop\DKSK\Components\Pages\Sales\Sales.razor
FN:44,System.Void DKSKMaui.Components.Pages.Sales.Sales::BuildRenderTree(Microsoft.AspNetCore.Components.Rendering.RenderTreeBuilder)
FNDA:0,System.Void DKSKMaui.Components.Pages.Sales.Sales::BuildRenderTree(Microsoft.AspNetCore.Components.Rendering.RenderTreeBuilder)
DA:45,0
DA:46,0
DA:82,0
BRDA:45,1202,0,0
BRDA:45,1202,1,0
BRDA:45,1220,0,0
BRDA:45,1220,1,0
FN:111,System.Void DKSKMaui.Components.Pages.Sales.Sales::OnCheckboxChanged(DKSKMaui.Backend.Models.Invoice,System.Object)
FNDA:0,System.Void DKSKMaui.Components.Pages.Sales.Sales::OnCheckboxChanged(DKSKMaui.Backend.Models.Invoice,System.Object)
DA:112,0
DA:113,0
DA:114,0
DA:115,0
DA:116,0
DA:117,0
DA:118,0
DA:119,0
DA:120,0
DA:122,0
DA:123,0
DA:124,0
DA:125,0
BRDA:114,11,0,0
BRDA:116,31,0,0
BRDA:116,31,1,0
BRDA:114,11,1,0
FN:153,System.Void DKSKMaui.Components.Pages.Sales.Sales::OnCompanyNameChanged(System.Object)
FNDA:0,System.Void DKSKMaui.Components.Pages.Sales.Sales::OnCompanyNameChanged(System.Object)
DA:154,0
DA:155,0
DA:156,0
DA:157,0
DA:158,0
DA:159,0
DA:160,0
DA:161,0
DA:162,0
DA:163,0
DA:164,0
DA:165,0
DA:166,0
DA:167,0
DA:168,0
DA:169,0
DA:170,0
DA:171,0
DA:172,0
BRDA:156,227,1,0
BRDA:158,59,0,0
BRDA:162,199,1,0
BRDA:164,172,1,0
BRDA:164,172,0,0
BRDA:162,199,0,0
BRDA:158,59,1,0
BRDA:156,227,0,0
FN:173,System.Void DKSKMaui.Components.Pages.Sales.Sales::OnAddressChanged(System.Object)
FNDA:0,System.Void DKSKMaui.Components.Pages.Sales.Sales::OnAddressChanged(System.Object)
DA:174,0
DA:175,0
DA:176,0
DA:177,0
FN:178,System.Void DKSKMaui.Components.Pages.Sales.Sales::OnStartDateChanged(System.Nullable`1<System.DateTime>)
FNDA:0,System.Void DKSKMaui.Components.Pages.Sales.Sales::OnStartDateChanged(System.Nullable`1<System.DateTime>)
DA:179,0
DA:180,0
DA:181,0
FN:183,System.Void DKSKMaui.Components.Pages.Sales.Sales::OnEndDateChanged(System.Nullable`1<System.DateTime>)
FNDA:0,System.Void DKSKMaui.Components.Pages.Sales.Sales::OnEndDateChanged(System.Nullable`1<System.DateTime>)
DA:184,0
DA:185,0
DA:186,0
FN:188,System.Void DKSKMaui.Components.Pages.Sales.Sales::OnDateChanged()
FNDA:0,System.Void DKSKMaui.Components.Pages.Sales.Sales::OnDateChanged()
DA:189,0
DA:190,0
DA:191,0
FN:192,System.Void DKSKMaui.Components.Pages.Sales.Sales::ApplyFilters()
FNDA:0,System.Void DKSKMaui.Components.Pages.Sales.Sales::ApplyFilters()
DA:193,0
DA:195,0
DA:198,0
DA:199,0
DA:200,0
DA:201,0
DA:204,0
DA:205,0
DA:206,0
DA:207,0
DA:209,0
DA:210,0
DA:211,0
DA:212,0
DA:214,0
BRDA:198,31,0,0
BRDA:198,31,1,0
BRDA:204,87,0,0
BRDA:204,87,1,0
BRDA:209,136,0,0
BRDA:209,136,1,0
BRDA:209,154,0,0
BRDA:209,154,1,0
FN:306,System.Collections.Generic.List`1<DKSKMaui.Backend.Models.JobDiscription> DKSKMaui.Components.Pages.Sales.Sales::GetJDList(DKSKMaui.Backend.Models.Invoice)
FNDA:0,System.Collections.Generic.List`1<DKSKMaui.Backend.Models.JobDiscription> DKSKMaui.Components.Pages.Sales.Sales::GetJDList(DKSKMaui.Backend.Models.Invoice)
DA:307,0
DA:308,0
DA:309,0
DA:310,0
DA:312,0
DA:313,0
DA:314,0
DA:315,0
DA:316,0
DA:317,0
DA:318,0
DA:319,0
DA:320,0
DA:321,0
DA:322,0
DA:323,0
DA:325,0
DA:326,0
DA:327,0
DA:328,0
DA:329,0
DA:330,0
DA:331,0
DA:332,0
DA:333,0
DA:335,0
DA:336,0
DA:337,0
DA:338,0
BRDA:309,23,0,0
BRDA:314,203,1,0
BRDA:317,137,1,0
BRDA:319,112,0,0
BRDA:319,112,1,0
BRDA:317,137,0,0
BRDA:326,162,0,0
BRDA:326,162,1,0
BRDA:314,203,0,0
BRDA:309,23,1,0
FN:100,System.Void DKSKMaui.Components.Pages.Sales.Sales::.ctor()
FNDA:1,System.Void DKSKMaui.Components.Pages.Sales.Sales::.ctor()
DA:101,1
DA:102,1
DA:103,1
DA:105,1
DA:106,1
DA:108,1
DA:109,1
DA:110,1
DA:293,1
DA:295,1
DA:296,1
LF:103
LH:11
BRF:34
BRH:0
FNF:10
FNH:1
end_of_record
SF:C:\Users\kimri\OneDrive\Desktop\DKSK\Components\Pages\Sales\SalesDetail.razor
FN:115,System.Void DKSKMaui.Components.Pages.Sales.SalesDetail::CloseDialog()
FNDA:0,System.Void DKSKMaui.Components.Pages.Sales.SalesDetail::CloseDialog()
DA:116,0
DA:117,0
DA:118,0
LF:3
LH:0
BRF:0
BRH:0
FNF:1
FNH:0
end_of_record
SF:C:\Users\kimri\OneDrive\Desktop\DKSK\Components\Pages\Payroll\Payroll.razor
FN:109,System.Void DKSKMaui.Components.Pages.Payroll.Payroll::OnStartDateChanged(System.Nullable`1<System.DateTime>)
FNDA:0,System.Void DKSKMaui.Components.Pages.Payroll.Payroll::OnStartDateChanged(System.Nullable`1<System.DateTime>)
DA:110,0
DA:111,0
DA:112,0
FN:114,System.Void DKSKMaui.Components.Pages.Payroll.Payroll::OnEndDateChanged(System.Nullable`1<System.DateTime>)
FNDA:0,System.Void DKSKMaui.Components.Pages.Payroll.Payroll::OnEndDateChanged(System.Nullable`1<System.DateTime>)
DA:115,0
DA:116,0
DA:117,0
FN:118,System.Void DKSKMaui.Components.Pages.Payroll.Payroll::OnDateChanged()
FNDA:0,System.Void DKSKMaui.Components.Pages.Payroll.Payroll::OnDateChanged()
DA:119,0
DA:120,0
DA:121,0
FN:122,System.Void DKSKMaui.Components.Pages.Payroll.Payroll::OnContractorNameChanged(System.Object)
FNDA:0,System.Void DKSKMaui.Components.Pages.Payroll.Payroll::OnContractorNameChanged(System.Object)
DA:123,0
DA:124,0
DA:125,0
DA:126,0
FN:127,System.Void DKSKMaui.Components.Pages.Payroll.Payroll::ApplyFilters()
FNDA:4,System.Void DKSKMaui.Components.Pages.Payroll.Payroll::ApplyFilters()
DA:128,4
DA:130,4
DA:133,4
DA:136,4
DA:137,0
DA:138,0
DA:139,0
DA:140,4
BRDA:136,58,0,0
BRDA:136,58,1,4
BRDA:136,76,0,0
BRDA:136,76,1,4
FN:88,System.Void DKSKMaui.Components.Pages.Payroll.Payroll::.ctor()
FNDA:4,System.Void DKSKMaui.Components.Pages.Payroll.Payroll::.ctor()
DA:89,4
DA:90,4
DA:91,4
LF:24
LH:8
BRF:4
BRH:2
FNF:6
FNH:2
end_of_record
SF:C:\Users\kimri\OneDrive\Desktop\DKSK\Components\Pages\NewJobs\Newjobs.razor
FN:38,System.Void DKSKMaui.Components.Pages.NewJobs.Newjobs::BuildRenderTree(Microsoft.AspNetCore.Components.Rendering.RenderTreeBuilder)
FNDA:10,System.Void DKSKMaui.Components.Pages.NewJobs.Newjobs::BuildRenderTree(Microsoft.AspNetCore.Components.Rendering.RenderTreeBuilder)
DA:39,10
DA:40,0
DA:41,0
DA:67,0
DA:69,10
DA:70,0
DA:71,0
DA:97,0
DA:106,5
DA:107,0
DA:109,0
BRDA:39,1253,1,0
BRDA:39,1253,0,5
BRDA:69,2352,1,0
BRDA:69,2352,0,5
BRDA:106,2713,0,0
BRDA:106,2713,1,5
FN:118,System.Void DKSKMaui.Components.Pages.NewJobs.Newjobs::OnJobSizeBedroomChange(System.Int32,System.Int32)
FNDA:0,System.Void DKSKMaui.Components.Pages.NewJobs.Newjobs::OnJobSizeBedroomChange(System.Int32,System.Int32)
DA:119,0
DA:120,0
DA:122,0
DA:124,0
DA:125,0
DA:126,0
DA:127,0
DA:128,0
BRDA:124,77,0,0
BRDA:124,77,1,0
FN:129,System.Void DKSKMaui.Components.Pages.NewJobs.Newjobs::OnJobSizeBathroomChange(System.Int32,System.Int32)
FNDA:0,System.Void DKSKMaui.Components.Pages.NewJobs.Newjobs::OnJobSizeBathroomChange(System.Int32,System.Int32)
DA:130,0
DA:131,0
DA:133,0
DA:135,0
DA:136,0
DA:137,0
DA:138,0
DA:140,0
BRDA:135,77,0,0
BRDA:135,77,1,0
FN:149,System.Void DKSKMaui.Components.Pages.NewJobs.Newjobs::OnSizeBedroomChange(System.Int32,System.Int32)
FNDA:0,System.Void DKSKMaui.Components.Pages.NewJobs.Newjobs::OnSizeBedroomChange(System.Int32,System.Int32)
DA:150,0
DA:151,0
DA:153,0
DA:155,0
DA:156,0
DA:157,0
DA:158,0
DA:159,0
BRDA:155,77,0,0
BRDA:155,77,1,0
FN:160,System.Void DKSKMaui.Components.Pages.NewJobs.Newjobs::OnSizeBathroomChange(System.Int32,System.Int32)
FNDA:0,System.Void DKSKMaui.Components.Pages.NewJobs.Newjobs::OnSizeBathroomChange(System.Int32,System.Int32)
DA:161,0
DA:162,0
DA:164,0
DA:166,0
DA:167,0
DA:168,0
DA:169,0
DA:171,0
BRDA:166,77,0,0
BRDA:166,77,1,0
FN:172,System.Void DKSKMaui.Components.Pages.NewJobs.Newjobs::OnPriceChange(System.Int32,System.Int32)
FNDA:0,System.Void DKSKMaui.Components.Pages.NewJobs.Newjobs::OnPriceChange(System.Int32,System.Int32)
DA:173,0
DA:174,0
DA:176,0
DA:177,0
DA:180,0
FN:227,System.Boolean DKSKMaui.Components.Pages.NewJobs.Newjobs::CheckForDuplicateDescriptions()
FNDA:0,System.Boolean DKSKMaui.Components.Pages.NewJobs.Newjobs::CheckForDuplicateDescriptions()
DA:228,0
DA:230,0
DA:231,0
DA:232,0
DA:235,0
DA:236,0
DA:237,0
DA:240,0
DA:241,0
DA:242,0
DA:243,0
DA:244,0
DA:245,0
DA:246,0
DA:247,0
DA:248,0
DA:249,0
DA:250,0
DA:251,0
DA:253,0
DA:256,0
DA:257,0
DA:259,0
BRDA:240,214,0,0
BRDA:242,317,1,0
BRDA:242,317,0,0
BRDA:240,214,1,0
FN:341,System.Void DKSKMaui.Components.Pages.NewJobs.Newjobs::AddToPriceHistory(System.Boolean,System.Int32,System.Int32,System.Int32,System.Int32)
FNDA:0,System.Void DKSKMaui.Components.Pages.NewJobs.Newjobs::AddToPriceHistory(System.Boolean,System.Int32,System.Int32,System.Int32,System.Int32)
DA:342,0
DA:344,0
DA:347,0
DA:348,0
DA:350,0
DA:351,0
DA:353,0
DA:355,0
DA:356,0
DA:357,0
BRDA:347,30,0,0
BRDA:347,30,1,0
FN:358,System.Void DKSKMaui.Components.Pages.NewJobs.Newjobs::AddJob()
FNDA:0,System.Void DKSKMaui.Components.Pages.NewJobs.Newjobs::AddJob()
DA:359,0
DA:361,0
DA:362,0
DA:363,0
DA:364,0
DA:366,0
DA:367,0
DA:368,0
DA:369,0
DA:370,0
DA:371,0
DA:374,0
FN:114,System.Void DKSKMaui.Components.Pages.NewJobs.Newjobs::.ctor()
FNDA:5,System.Void DKSKMaui.Components.Pages.NewJobs.Newjobs::.ctor()
DA:115,5
DA:116,5
LF:95
LH:5
BRF:20
BRH:3
FNF:10
FNH:2
end_of_record
SF:C:\Users\kimri\OneDrive\Desktop\DKSK\Components\Pages\MajorFunctions\FunctionsList.razor
FN:4,System.Void DKSKMaui.Components.Pages.MajorFunctions.FunctionsList::BuildRenderTree(Microsoft.AspNetCore.Components.Rendering.RenderTreeBuilder)
FNDA:44,System.Void DKSKMaui.Components.Pages.MajorFunctions.FunctionsList::BuildRenderTree(Microsoft.AspNetCore.Components.Rendering.RenderTreeBuilder)
DA:5,44
DA:6,16
DA:7,16
DA:8,16
BRDA:5,182,1,16
BRDA:5,182,0,4
FN:17,System.Void DKSKMaui.Components.Pages.MajorFunctions.FunctionsList::Done()
FNDA:0,System.Void DKSKMaui.Components.Pages.MajorFunctions.FunctionsList::Done()
DA:18,0
DA:19,0
DA:20,0
FN:15,System.Void DKSKMaui.Components.Pages.MajorFunctions.FunctionsList::.ctor()
FNDA:4,System.Void DKSKMaui.Components.Pages.MajorFunctions.FunctionsList::.ctor()
DA:16,4
LF:8
LH:5
BRF:2
BRH:2
FNF:3
FNH:2
end_of_record
SF:C:\Users\kimri\OneDrive\Desktop\DKSK\Components\Pages\JobDescription\Jobdescription.razor
FN:7,System.Void DKSKMaui.Components.Pages.JobDescription.Jobdescription::BuildRenderTree(Microsoft.AspNetCore.Components.Rendering.RenderTreeBuilder)
FNDA:115,System.Void DKSKMaui.Components.Pages.JobDescription.Jobdescription::BuildRenderTree(Microsoft.AspNetCore.Components.Rendering.RenderTreeBuilder)
DA:8,115
DA:9,50
DA:10,50
DA:11,50
BRDA:8,182,1,50
BRDA:8,182,0,5
FN:20,System.Void DKSKMaui.Components.Pages.JobDescription.Jobdescription::.ctor()
FNDA:5,System.Void DKSKMaui.Components.Pages.JobDescription.Jobdescription::.ctor()
DA:21,5
DA:22,5
LF:6
LH:6
BRF:2
BRH:2
FNF:2
FNH:2
end_of_record
SF:C:\Users\kimri\OneDrive\Desktop\DKSK\Components\Pages\EditContacts\Editcontacts.razor
FN:18,System.Void DKSKMaui.Components.Pages.EditContacts.Editcontacts::BuildRenderTree(Microsoft.AspNetCore.Components.Rendering.RenderTreeBuilder)
FNDA:5,System.Void DKSKMaui.Components.Pages.EditContacts.Editcontacts::BuildRenderTree(Microsoft.AspNetCore.Components.Rendering.RenderTreeBuilder)
DA:19,5
DA:20,5
DA:22,5
DA:23,5
DA:24,0
DA:26,0
BRDA:19,495,0,5
BRDA:19,495,1,5
BRDA:23,526,0,0
BRDA:23,526,1,5
FN:30,System.Void DKSKMaui.Components.Pages.EditContacts.Editcontacts::.ctor()
FNDA:5,System.Void DKSKMaui.Components.Pages.EditContacts.Editcontacts::.ctor()
DA:31,5
LF:7
LH:5
BRF:4
BRH:3
FNF:2
FNH:2
end_of_record
SF:C:\Users\kimri\OneDrive\Desktop\DKSK\Components\Pages\EditContacts\EditContractor\Editcontractor.razor
FN:97,System.Void DKSKMaui.Components.Pages.EditContacts.EditContractor.Editcontractor::OnChange(System.Object)
FNDA:0,System.Void DKSKMaui.Components.Pages.EditContacts.EditContractor.Editcontractor::OnChange(System.Object)
DA:98,0
DA:99,0
DA:100,0
DA:101,0
FN:103,System.Void DKSKMaui.Components.Pages.EditContacts.EditContractor.Editcontractor::OnCancel()
FNDA:0,System.Void DKSKMaui.Components.Pages.EditContacts.EditContractor.Editcontractor::OnCancel()
DA:104,0
DA:105,0
DA:106,0
DA:107,0
FN:142,System.Void DKSKMaui.Components.Pages.EditContacts.EditContractor.Editcontractor::AddContractor()
FNDA:0,System.Void DKSKMaui.Components.Pages.EditContacts.EditContractor.Editcontractor::AddContractor()
DA:143,0
DA:144,0
DA:145,0
DA:146,0
FN:183,System.Void DKSKMaui.Components.Pages.EditContacts.EditContractor.Editcontractor::.ctor()
FNDA:0,System.Void DKSKMaui.Components.Pages.EditContacts.EditContractor.Editcontractor::.ctor()
DA:184,0
DA:185,0
DA:189,0
LF:15
LH:0
BRF:0
BRH:0
FNF:4
FNH:0
end_of_record
SF:C:\Users\kimri\OneDrive\Desktop\DKSK\Components\Pages\EditContacts\EditCompanny\Editcompany.razor
FN:226,System.Void DKSKMaui.Components.Pages.EditContacts.EditCompanny.Editcompany::ToggleSupervisorDetails(System.Int32)
FNDA:0,System.Void DKSKMaui.Components.Pages.EditContacts.EditCompanny.Editcompany::ToggleSupervisorDetails(System.Int32)
DA:227,0
DA:228,0
DA:229,0
DA:230,0
DA:231,0
DA:233,0
DA:234,0
DA:235,0
DA:236,0
BRDA:228,15,0,0
BRDA:228,15,1,0
FN:241,System.Boolean DKSKMaui.Components.Pages.EditContacts.EditCompanny.Editcompany::IsVisible(System.Int32)
FNDA:0,System.Boolean DKSKMaui.Components.Pages.EditContacts.EditCompanny.Editcompany::IsVisible(System.Int32)
DA:242,0
DA:243,0
DA:244,0
BRDA:243,13,0,0
BRDA:243,13,1,0
FN:245,System.Boolean DKSKMaui.Components.Pages.EditContacts.EditCompanny.Editcompany::IsPropertyVisible(System.Int32,System.Int32)
FNDA:0,System.Boolean DKSKMaui.Components.Pages.EditContacts.EditCompanny.Editcompany::IsPropertyVisible(System.Int32,System.Int32)
DA:246,0
DA:247,0
DA:248,0
FN:250,System.Void DKSKMaui.Components.Pages.EditContacts.EditCompanny.Editcompany::TogglePropertyDetails(System.Int32,System.Int32)
FNDA:0,System.Void DKSKMaui.Components.Pages.EditContacts.EditCompanny.Editcompany::TogglePropertyDetails(System.Int32,System.Int32)
DA:251,0
DA:252,0
DA:253,0
DA:254,0
DA:255,0
DA:256,0
DA:258,0
DA:259,0
DA:260,0
DA:261,0
BRDA:253,24,0,0
BRDA:253,24,1,0
FN:263,System.Void DKSKMaui.Components.Pages.EditContacts.EditCompanny.Editcompany::OnChange(System.Object)
FNDA:0,System.Void DKSKMaui.Components.Pages.EditContacts.EditCompanny.Editcompany::OnChange(System.Object)
DA:264,0
DA:265,0
DA:266,0
DA:267,0
FN:269,System.Void DKSKMaui.Components.Pages.EditContacts.EditCompanny.Editcompany::OnCancel()
FNDA:0,System.Void DKSKMaui.Components.Pages.EditContacts.EditCompanny.Editcompany::OnCancel()
DA:270,0
DA:271,0
DA:272,0
DA:273,0
FN:308,System.Void DKSKMaui.Components.Pages.EditContacts.EditCompanny.Editcompany::AddComp()
FNDA:0,System.Void DKSKMaui.Components.Pages.EditContacts.EditCompanny.Editcompany::AddComp()
DA:309,0
DA:310,0
DA:311,0
DA:312,0
DA:313,0
FN:315,System.Void DKSKMaui.Components.Pages.EditContacts.EditCompanny.Editcompany::AddSupervisorToCompany()
FNDA:0,System.Void DKSKMaui.Components.Pages.EditContacts.EditCompanny.Editcompany::AddSupervisorToCompany()
DA:316,0
DA:317,0
DA:318,0
DA:319,0
DA:320,0
DA:321,0
BRDA:317,12,0,0
BRDA:317,12,1,0
FN:365,System.Void DKSKMaui.Components.Pages.EditContacts.EditCompanny.Editcompany::AddPropertyToSupervisor(DKSKMaui.Backend.Models.Supervisor)
FNDA:0,System.Void DKSKMaui.Components.Pages.EditContacts.EditCompanny.Editcompany::AddPropertyToSupervisor(DKSKMaui.Backend.Models.Supervisor)
DA:366,0
DA:367,0
DA:368,0
DA:369,0
DA:370,0
DA:371,0
BRDA:367,7,0,0
BRDA:367,7,1,0
FN:221,System.Void DKSKMaui.Components.Pages.EditContacts.EditCompanny.Editcompany::.ctor()
FNDA:5,System.Void DKSKMaui.Components.Pages.EditContacts.EditCompanny.Editcompany::.ctor()
DA:222,5
DA:223,5
DA:386,5
DA:387,5
DA:388,5
DA:389,5
DA:393,5
LF:57
LH:7
BRF:10
BRH:0
FNF:10
FNH:1
end_of_record
SF:C:\Users\kimri\OneDrive\Desktop\DKSK\Components\Pages\CreteInvoice\CreateInvoice.razor
FN:32,System.Void DKSKMaui.Components.Pages.CreteInvoice.CreateInvoice::BuildRenderTree(Microsoft.AspNetCore.Components.Rendering.RenderTreeBuilder)
FNDA:17,System.Void DKSKMaui.Components.Pages.CreteInvoice.CreateInvoice::BuildRenderTree(Microsoft.AspNetCore.Components.Rendering.RenderTreeBuilder)
DA:33,17
DA:34,1
DA:63,1
BRDA:33,823,0,2
BRDA:33,823,1,15
BRDA:33,841,0,1
BRDA:33,841,1,17
FN:71,System.Void DKSKMaui.Components.Pages.CreteInvoice.CreateInvoice::.ctor()
FNDA:9,System.Void DKSKMaui.Components.Pages.CreteInvoice.CreateInvoice::.ctor()
DA:72,9
DA:73,9
LF:5
LH:5
BRF:4
BRH:4
FNF:2
FNH:2
end_of_record
SF:C:\Users\kimri\OneDrive\Desktop\DKSK\Components\Pages\CreteInvoice\CreateInvoiceConfirmDialogComponent.razor
FN:186,System.Void DKSKMaui.Components.Pages.CreteInvoice.CreateInvoiceConfirmDialogComponent::CloseDialog()
FNDA:0,System.Void DKSKMaui.Components.Pages.CreteInvoice.CreateInvoiceConfirmDialogComponent::CloseDialog()
DA:187,0
DA:188,0
DA:189,0
FN:191,System.Void DKSKMaui.Components.Pages.CreteInvoice.CreateInvoiceConfirmDialogComponent::AddJobDescription()
FNDA:0,System.Void DKSKMaui.Components.Pages.CreteInvoice.CreateInvoiceConfirmDialogComponent::AddJobDescription()
DA:192,0
DA:193,0
DA:194,0
DA:195,0
FN:198,System.Void DKSKMaui.Components.Pages.CreteInvoice.CreateInvoiceConfirmDialogComponent::RemoveJobDescription(System.Int32)
FNDA:0,System.Void DKSKMaui.Components.Pages.CreteInvoice.CreateInvoiceConfirmDialogComponent::RemoveJobDescription(System.Int32)
DA:199,0
DA:200,0
DA:201,0
DA:202,0
DA:203,0
DA:204,0
DA:205,0
BRDA:200,3,0,0
BRDA:200,3,1,0
BRDA:200,24,0,0
BRDA:200,24,1,0
FN:206,System.Void DKSKMaui.Components.Pages.CreteInvoice.CreateInvoiceConfirmDialogComponent::OnJobPriceChange(System.Int32,System.Int32)
FNDA:0,System.Void DKSKMaui.Components.Pages.CreteInvoice.CreateInvoiceConfirmDialogComponent::OnJobPriceChange(System.Int32,System.Int32)
DA:207,0
DA:208,0
DA:209,0
DA:210,0
FN:211,System.Void DKSKMaui.Components.Pages.CreteInvoice.CreateInvoiceConfirmDialogComponent::calcPrice()
FNDA:0,System.Void DKSKMaui.Components.Pages.CreteInvoice.CreateInvoiceConfirmDialogComponent::calcPrice()
DA:212,0
DA:213,0
DA:214,0
DA:215,0
DA:216,0
DA:217,0
DA:218,0
BRDA:214,66,1,0
BRDA:214,66,0,0
FN:153,System.Void DKSKMaui.Components.Pages.CreteInvoice.CreateInvoiceConfirmDialogComponent::.ctor()
FNDA:0,System.Void DKSKMaui.Components.Pages.CreteInvoice.CreateInvoiceConfirmDialogComponent::.ctor()
DA:154,0
DA:155,0
LF:27
LH:0
BRF:6
BRH:0
FNF:6
FNH:0
end_of_record
SF:C:\Users\kimri\OneDrive\Desktop\DKSK\Components\Pages\ContractorJobs\ContractorJobs.razor
FN:95,System.Void DKSKMaui.Components.Pages.ContractorJobs.ContractorJobs::OnDateChanged()
FNDA:0,System.Void DKSKMaui.Components.Pages.ContractorJobs.ContractorJobs::OnDateChanged()
DA:96,0
DA:97,0
DA:98,0
FN:100,System.Void DKSKMaui.Components.Pages.ContractorJobs.ContractorJobs::ApplyFilters()
FNDA:4,System.Void DKSKMaui.Components.Pages.ContractorJobs.ContractorJobs::ApplyFilters()
DA:101,4
DA:102,4
DA:103,4
FN:78,System.Void DKSKMaui.Components.Pages.ContractorJobs.ContractorJobs::.ctor()
FNDA:4,System.Void DKSKMaui.Components.Pages.ContractorJobs.ContractorJobs::.ctor()
DA:79,4
DA:80,4
LF:8
LH:5
BRF:0
BRH:0
FNF:3
FNH:2
end_of_record
SF:C:\Users\kimri\OneDrive\Desktop\DKSK\Components\Pages\AgingReports\Agingreports.razor
FN:45,System.Void DKSKMaui.Components.Pages.AgingReports.Agingreports::BuildRenderTree(Microsoft.AspNetCore.Components.Rendering.RenderTreeBuilder)
FNDA:10,System.Void DKSKMaui.Components.Pages.AgingReports.Agingreports::BuildRenderTree(Microsoft.AspNetCore.Components.Rendering.RenderTreeBuilder)
DA:46,10
DA:47,3
DA:81,3
BRDA:46,1342,0,10
BRDA:46,1342,1,0
BRDA:46,1360,0,3
BRDA:46,1360,1,10
FN:169,System.Void DKSKMaui.Components.Pages.AgingReports.Agingreports::OnCompanyNameChanged(System.Object)
FNDA:0,System.Void DKSKMaui.Components.Pages.AgingReports.Agingreports::OnCompanyNameChanged(System.Object)
DA:170,0
DA:171,0
DA:173,0
DA:174,0
DA:175,0
DA:176,0
FN:177,System.Void DKSKMaui.Components.Pages.AgingReports.Agingreports::OnSupervisorNameChanged(System.Object)
FNDA:0,System.Void DKSKMaui.Components.Pages.AgingReports.Agingreports::OnSupervisorNameChanged(System.Object)
DA:178,0
DA:179,0
DA:180,0
DA:181,0
FN:182,System.Void DKSKMaui.Components.Pages.AgingReports.Agingreports::OnStartDateChanged(System.Nullable`1<System.DateTime>)
FNDA:0,System.Void DKSKMaui.Components.Pages.AgingReports.Agingreports::OnStartDateChanged(System.Nullable`1<System.DateTime>)
DA:183,0
DA:184,0
DA:185,0
FN:187,System.Void DKSKMaui.Components.Pages.AgingReports.Agingreports::OnEndDateChanged(System.Nullable`1<System.DateTime>)
FNDA:0,System.Void DKSKMaui.Components.Pages.AgingReports.Agingreports::OnEndDateChanged(System.Nullable`1<System.DateTime>)
DA:188,0
DA:189,0
DA:190,0
FN:192,System.Void DKSKMaui.Components.Pages.AgingReports.Agingreports::OnDateChanged()
FNDA:0,System.Void DKSKMaui.Components.Pages.AgingReports.Agingreports::OnDateChanged()
DA:193,0
DA:194,0
DA:195,0
FN:196,System.Void DKSKMaui.Components.Pages.AgingReports.Agingreports::ApplyFilters()
FNDA:0,System.Void DKSKMaui.Components.Pages.AgingReports.Agingreports::ApplyFilters()
DA:197,0
DA:199,0
DA:202,0
DA:203,0
DA:204,0
DA:205,0
DA:206,0
DA:207,0
DA:208,0
DA:209,0
DA:210,0
DA:211,0
DA:212,0
DA:213,0
DA:214,0
DA:215,0
DA:216,0
DA:217,0
DA:219,0
DA:220,0
DA:221,0
DA:222,0
DA:223,0
BRDA:202,72,0,0
BRDA:202,72,1,0
BRDA:206,128,0,0
BRDA:209,245,1,0
BRDA:211,199,1,0
BRDA:211,199,0,0
BRDA:209,245,0,0
BRDA:213,270,0,0
BRDA:213,270,1,0
BRDA:206,128,1,0
BRDA:219,320,0,0
BRDA:219,320,1,0
BRDA:219,340,0,0
BRDA:219,340,1,0
FN:134,System.Void DKSKMaui.Components.Pages.AgingReports.Agingreports::.ctor()
FNDA:10,System.Void DKSKMaui.Components.Pages.AgingReports.Agingreports::.ctor()
DA:135,10
DA:136,10
DA:137,10
DA:139,10
DA:140,10
DA:141,10
DA:142,10
DA:143,10
DA:144,10
FN:98,System.Void DKSKMaui.Components.Pages.AgingReports.Agingreports/exInvoice::.ctor(DKSKMaui.Backend.Models.Invoice)
FNDA:4,System.Void DKSKMaui.Components.Pages.AgingReports.Agingreports/exInvoice::.ctor(DKSKMaui.Backend.Models.Invoice)
DA:99,4
DA:100,4
DA:102,4
DA:103,4
DA:104,4
DA:105,4
DA:106,4
DA:107,4
DA:108,4
DA:109,4
DA:110,4
DA:111,4
DA:112,4
DA:113,4
DA:114,4
DA:115,4
DA:116,4
DA:117,4
DA:118,4
DA:119,4
DA:120,4
DA:121,4
DA:123,4
DA:124,4
DA:125,4
DA:126,4
DA:127,4
DA:129,4
BRDA:126,321,0,0
BRDA:126,321,1,4
LF:82
LH:40
BRF:20
BRH:4
FNF:9
FNH:3
end_of_record
SF:C:\Users\kimri\OneDrive\Desktop\DKSK\Components\Pages\AddContactFolder\Addcompany.razor
FN:109,System.Void DKSKMaui.Components.Pages.AddContactFolder.Addcompany::Cancel()
FNDA:0,System.Void DKSKMaui.Components.Pages.AddContactFolder.Addcompany::Cancel()
DA:110,0
DA:111,0
DA:112,0
FN:65,System.Void DKSKMaui.Components.Pages.AddContactFolder.Addcompany::.ctor()
FNDA:14,System.Void DKSKMaui.Components.Pages.AddContactFolder.Addcompany::.ctor()
DA:66,14
LF:4
LH:1
BRF:0
BRH:0
FNF:2
FNH:1
end_of_record
SF:C:\Users\kimri\OneDrive\Desktop\DKSK\Components\Pages\AddContactFolder\Addcontacts.razor
FN:14,System.Void DKSKMaui.Components.Pages.AddContactFolder.Addcontacts::BuildRenderTree(Microsoft.AspNetCore.Components.Rendering.RenderTreeBuilder)
FNDA:0,System.Void DKSKMaui.Components.Pages.AddContactFolder.Addcontacts::BuildRenderTree(Microsoft.AspNetCore.Components.Rendering.RenderTreeBuilder)
DA:15,0
DA:16,0
DA:18,0
DA:19,0
DA:21,0
DA:22,0
DA:23,0
DA:25,0
DA:26,0
DA:27,0
DA:29,0
DA:30,0
DA:31,0
DA:33,0
BRDA:15,248,0,0
BRDA:15,248,1,0
BRDA:19,284,0,0
BRDA:19,284,1,0
BRDA:22,317,0,0
BRDA:22,317,1,0
BRDA:26,350,0,0
BRDA:26,350,1,0
BRDA:30,385,0,0
BRDA:30,385,1,0
FN:36,System.Void DKSKMaui.Components.Pages.AddContactFolder.Addcontacts::.ctor()
FNDA:0,System.Void DKSKMaui.Components.Pages.AddContactFolder.Addcontacts::.ctor()
DA:37,0
LF:15
LH:0
BRF:10
BRH:0
FNF:2
FNH:0
end_of_record
SF:C:\Users\kimri\OneDrive\Desktop\DKSK\Components\Pages\AddContactFolder\Addcontractor.razor
FN:3,System.Void DKSKMaui.Components.Pages.AddContactFolder.Addcontractor::BuildRenderTree(Microsoft.AspNetCore.Components.Rendering.RenderTreeBuilder)
FNDA:24,System.Void DKSKMaui.Components.Pages.AddContactFolder.Addcontractor::BuildRenderTree(Microsoft.AspNetCore.Components.Rendering.RenderTreeBuilder)
DA:4,24
DA:5,18
DA:17,18
DA:20,30
DA:31,6
BRDA:4,25,0,18
BRDA:4,25,1,24
BRDA:20,53,0,6
BRDA:20,53,1,24
FN:39,System.Void DKSKMaui.Components.Pages.AddContactFolder.Addcontractor::Done()
FNDA:6,System.Void DKSKMaui.Components.Pages.AddContactFolder.Addcontractor::Done()
DA:40,6
DA:41,6
DA:42,6
LF:8
LH:8
BRF:4
BRH:4
FNF:2
FNH:2
end_of_record
SF:C:\Users\kimri\OneDrive\Desktop\DKSK\Components\Pages\AddContactFolder\Addmanager.razor
FN:3,System.Void DKSKMaui.Components.Pages.AddContactFolder.Addmanager::BuildRenderTree(Microsoft.AspNetCore.Components.Rendering.RenderTreeBuilder)
FNDA:0,System.Void DKSKMaui.Components.Pages.AddContactFolder.Addmanager::BuildRenderTree(Microsoft.AspNetCore.Components.Rendering.RenderTreeBuilder)
DA:4,0
DA:5,0
DA:31,0
DA:33,0
DA:34,0
DA:43,0
BRDA:4,25,0,0
BRDA:4,25,1,0
BRDA:33,144,0,0
BRDA:33,144,1,0
FN:50,System.Void DKSKMaui.Components.Pages.AddContactFolder.Addmanager::Done()
FNDA:0,System.Void DKSKMaui.Components.Pages.AddContactFolder.Addmanager::Done()
DA:51,0
DA:52,0
DA:53,0
FN:48,System.Void DKSKMaui.Components.Pages.AddContactFolder.Addmanager::.ctor()
FNDA:0,System.Void DKSKMaui.Components.Pages.AddContactFolder.Addmanager::.ctor()
DA:49,0
LF:10
LH:0
BRF:4
BRH:0
FNF:3
FNH:0
end_of_record
SF:C:\Users\kimri\OneDrive\Desktop\DKSK\Components\Pages\AddContactFolder\Addproperty.razor
FN:3,System.Void DKSKMaui.Components.Pages.AddContactFolder.Addproperty::BuildRenderTree(Microsoft.AspNetCore.Components.Rendering.RenderTreeBuilder)
FNDA:0,System.Void DKSKMaui.Components.Pages.AddContactFolder.Addproperty::BuildRenderTree(Microsoft.AspNetCore.Components.Rendering.RenderTreeBuilder)
DA:4,0
DA:5,0
DA:16,0
DA:18,0
DA:19,0
DA:30,0
BRDA:4,25,0,0
BRDA:4,25,1,0
BRDA:18,53,0,0
BRDA:18,53,1,0
FN:38,System.Void DKSKMaui.Components.Pages.AddContactFolder.Addproperty::Done()
FNDA:0,System.Void DKSKMaui.Components.Pages.AddContactFolder.Addproperty::Done()
DA:39,0
DA:40,0
DA:42,0
FN:36,System.Void DKSKMaui.Components.Pages.AddContactFolder.Addproperty::.ctor()
FNDA:0,System.Void DKSKMaui.Components.Pages.AddContactFolder.Addproperty::.ctor()
DA:37,0
LF:10
LH:0
BRF:4
BRH:0
FNF:3
FNH:0
end_of_record
SF:C:\Users\kimri\OneDrive\Desktop\DKSK\Components\Pages\AddContactFolder\Addsupervisor.razor
FN:3,System.Void DKSKMaui.Components.Pages.AddContactFolder.Addsupervisor::BuildRenderTree(Microsoft.AspNetCore.Components.Rendering.RenderTreeBuilder)
FNDA:0,System.Void DKSKMaui.Components.Pages.AddContactFolder.Addsupervisor::BuildRenderTree(Microsoft.AspNetCore.Components.Rendering.RenderTreeBuilder)
DA:4,0
DA:5,0
DA:36,0
DA:38,0
DA:39,0
DA:49,0
BRDA:4,25,0,0
BRDA:4,25,1,0
BRDA:38,158,0,0
BRDA:38,158,1,0
FN:56,System.Void DKSKMaui.Components.Pages.AddContactFolder.Addsupervisor::Done()
FNDA:0,System.Void DKSKMaui.Components.Pages.AddContactFolder.Addsupervisor::Done()
DA:57,0
DA:58,0
DA:59,0
DA:61,0
FN:54,System.Void DKSKMaui.Components.Pages.AddContactFolder.Addsupervisor::.ctor()
FNDA:0,System.Void DKSKMaui.Components.Pages.AddContactFolder.Addsupervisor::.ctor()
DA:55,0
LF:11
LH:0
BRF:4
BRH:0
FNF:3
FNH:0
end_of_record
SF:C:\Users\kimri\OneDrive\Desktop\DKSK\Components\Pages\ActiveJobs\ActiveJobs.razor
FN:36,System.Void DKSKMaui.Components.Pages.ActiveJobs.ActiveJobs::BuildRenderTree(Microsoft.AspNetCore.Components.Rendering.RenderTreeBuilder)
FNDA:0,System.Void DKSKMaui.Components.Pages.ActiveJobs.ActiveJobs::BuildRenderTree(Microsoft.AspNetCore.Components.Rendering.RenderTreeBuilder)
DA:37,0
DA:38,0
DA:68,0
BRDA:37,883,0,0
BRDA:37,883,1,0
BRDA:37,901,0,0
BRDA:37,901,1,0
FN:90,System.Void DKSKMaui.Components.Pages.ActiveJobs.ActiveJobs::OnCheckboxChanged(DKSKMaui.Backend.Models.Invoice,System.Object)
FNDA:0,System.Void DKSKMaui.Components.Pages.ActiveJobs.ActiveJobs::OnCheckboxChanged(DKSKMaui.Backend.Models.Invoice,System.Object)
DA:91,0
DA:92,0
DA:93,0
DA:94,0
DA:95,0
DA:96,0
DA:97,0
DA:98,0
DA:99,0
DA:101,0
DA:102,0
DA:103,0
DA:104,0
BRDA:93,11,0,0
BRDA:95,31,0,0
BRDA:95,31,1,0
BRDA:93,11,1,0
FN:128,System.Void DKSKMaui.Components.Pages.ActiveJobs.ActiveJobs::OnCompanyNameChanged(System.Object)
FNDA:0,System.Void DKSKMaui.Components.Pages.ActiveJobs.ActiveJobs::OnCompanyNameChanged(System.Object)
DA:129,0
DA:130,0
DA:131,0
DA:132,0
FN:133,System.Void DKSKMaui.Components.Pages.ActiveJobs.ActiveJobs::OnStartDateChanged(System.Nullable`1<System.DateTime>)
FNDA:0,System.Void DKSKMaui.Components.Pages.ActiveJobs.ActiveJobs::OnStartDateChanged(System.Nullable`1<System.DateTime>)
DA:134,0
DA:135,0
DA:136,0
FN:138,System.Void DKSKMaui.Components.Pages.ActiveJobs.ActiveJobs::OnEndDateChanged(System.Nullable`1<System.DateTime>)
FNDA:0,System.Void DKSKMaui.Components.Pages.ActiveJobs.ActiveJobs::OnEndDateChanged(System.Nullable`1<System.DateTime>)
DA:139,0
DA:140,0
DA:141,0
FN:143,System.Void DKSKMaui.Components.Pages.ActiveJobs.ActiveJobs::OnDateChanged()
FNDA:0,System.Void DKSKMaui.Components.Pages.ActiveJobs.ActiveJobs::OnDateChanged()
DA:144,0
DA:145,0
DA:146,0
FN:147,System.Void DKSKMaui.Components.Pages.ActiveJobs.ActiveJobs::ApplyFilters()
FNDA:0,System.Void DKSKMaui.Components.Pages.ActiveJobs.ActiveJobs::ApplyFilters()
DA:148,0
DA:150,0
DA:153,0
DA:154,0
DA:155,0
DA:156,0
DA:159,0
DA:160,0
DA:161,0
DA:162,0
DA:163,0
BRDA:153,31,0,0
BRDA:153,31,1,0
BRDA:159,80,0,0
BRDA:159,80,1,0
BRDA:159,98,0,0
BRDA:159,98,1,0
FN:168,System.Void DKSKMaui.Components.Pages.ActiveJobs.ActiveJobs::OnColumnReordered(Radzen.DataGridColumnReorderedEventArgs`1<DKSKMaui.Backend.Models.Invoice>)
FNDA:0,System.Void DKSKMaui.Components.Pages.ActiveJobs.ActiveJobs::OnColumnReordered(Radzen.DataGridColumnReorderedEventArgs`1<DKSKMaui.Backend.Models.Invoice>)
DA:169,0
DA:170,0
DA:171,0
DA:172,0
FN:181,System.Void DKSKMaui.Components.Pages.ActiveJobs.ActiveJobs::ReorderColumns(System.Collections.Generic.List`1<System.String>)
FNDA:0,System.Void DKSKMaui.Components.Pages.ActiveJobs.ActiveJobs::ReorderColumns(System.Collections.Generic.List`1<System.String>)
DA:182,0
DA:183,0
DA:184,0
DA:185,0
DA:186,0
DA:190,0
DA:191,0
DA:192,0
DA:194,0
DA:195,0
DA:196,0
DA:197,0
DA:198,0
DA:199,0
DA:201,0
BRDA:183,25,0,0
BRDA:183,25,1,0
BRDA:195,139,1,0
BRDA:195,139,0,0
FN:308,System.Collections.Generic.List`1<DKSKMaui.Backend.Models.JobDiscription> DKSKMaui.Components.Pages.ActiveJobs.ActiveJobs::GetJDList(DKSKMaui.Backend.Models.Invoice)
FNDA:0,System.Collections.Generic.List`1<DKSKMaui.Backend.Models.JobDiscription> DKSKMaui.Components.Pages.ActiveJobs.ActiveJobs::GetJDList(DKSKMaui.Backend.Models.Invoice)
DA:309,0
DA:310,0
DA:311,0
DA:312,0
DA:314,0
DA:315,0
DA:316,0
DA:317,0
DA:318,0
DA:319,0
DA:320,0
DA:321,0
DA:322,0
DA:323,0
DA:324,0
DA:325,0
DA:327,0
DA:328,0
DA:329,0
DA:330,0
DA:331,0
DA:332,0
DA:333,0
DA:334,0
DA:335,0
DA:337,0
DA:338,0
DA:339,0
DA:340,0
BRDA:311,23,0,0
BRDA:316,203,1,0
BRDA:319,137,1,0
BRDA:321,112,0,0
BRDA:321,112,1,0
BRDA:319,137,0,0
BRDA:328,162,0,0
BRDA:328,162,1,0
BRDA:316,203,0,0
BRDA:311,23,1,0
FN:81,System.Void DKSKMaui.Components.Pages.ActiveJobs.ActiveJobs::.ctor()
FNDA:0,System.Void DKSKMaui.Components.Pages.ActiveJobs.ActiveJobs::.ctor()
DA:82,0
DA:83,0
DA:84,0
DA:86,0
DA:87,0
DA:89,0
DA:165,0
DA:166,0
DA:294,0
DA:296,0
DA:297,0
LF:99
LH:0
BRF:28
BRH:0
FNF:11
FNH:0
end_of_record
SF:C:\Users\kimri\OneDrive\Desktop\DKSK\Components\Common\CustomErrorBoundary.razor
FN:35,System.Void DKSKMaui.Components.Common.CustomErrorBoundary::Recover()
FNDA:0,System.Void DKSKMaui.Components.Common.CustomErrorBoundary::Recover()
DA:36,0
DA:38,0
DA:39,0
FN:41,System.Void DKSKMaui.Components.Common.CustomErrorBoundary::ToggleDetails()
FNDA:0,System.Void DKSKMaui.Components.Common.CustomErrorBoundary::ToggleDetails()
DA:42,0
DA:43,0
DA:44,0
DA:45,0
FN:47,System.Void DKSKMaui.Components.Common.CustomErrorBoundary::OnParametersSet()
FNDA:0,System.Void DKSKMaui.Components.Common.CustomErrorBoundary::OnParametersSet()
DA:48,0
DA:51,0
LF:9
LH:0
BRF:0
BRH:0
FNF:3
FNH:0
end_of_record
SF:C:\Users\kimri\OneDrive\Desktop\DKSK\Components\Common\EditableDropdown.razor
FN:12,System.Void DKSKMaui.Components.Common.EditableDropdown::BuildRenderTree(Microsoft.AspNetCore.Components.Rendering.RenderTreeBuilder)
FNDA:0,System.Void DKSKMaui.Components.Common.EditableDropdown::BuildRenderTree(Microsoft.AspNetCore.Components.Rendering.RenderTreeBuilder)
DA:13,0
DA:14,0
DA:20,0
BRDA:13,281,0,0
BRDA:13,281,1,0
BRDA:13,302,0,0
BRDA:13,302,1,0
LF:3
LH:0
BRF:4
BRH:0
FNF:1
FNH:0
end_of_record
SF:C:\Users\kimri\OneDrive\Desktop\DKSK\Components\Common\SelectItemDialog.razor
FN:30,System.Void DKSKMaui.Components.Common.SelectItemDialog::OnItemChange(System.Object)
FNDA:0,System.Void DKSKMaui.Components.Common.SelectItemDialog::OnItemChange(System.Object)
DA:31,0
DA:32,0
DA:33,0
DA:34,0
BRDA:32,3,0,0
BRDA:32,3,1,0
FN:37,System.Void DKSKMaui.Components.Common.SelectItemDialog::OnInitialized()
FNDA:0,System.Void DKSKMaui.Components.Common.SelectItemDialog::OnInitialized()
DA:38,0
DA:40,0
DA:41,0
DA:42,0
DA:43,0
DA:44,0
DA:45,0
LF:11
LH:0
BRF:2
BRH:0
FNF:2
FNH:0
end_of_record
SF:C:\Users\kimri\OneDrive\Desktop\DKSK\Platforms\Windows\App.xaml.cs
FN:21,Microsoft.Maui.Hosting.MauiApp DKSKMaui.WinUI.App::CreateMauiApp()
FNDA:0,Microsoft.Maui.Hosting.MauiApp DKSKMaui.WinUI.App::CreateMauiApp()
DA:22,0
FN:16,System.Void DKSKMaui.WinUI.App::.ctor()
FNDA:0,System.Void DKSKMaui.WinUI.App::.ctor()
DA:17,0
DA:18,0
DA:19,0
DA:20,0
LF:5
LH:0
BRF:0
BRH:0
FNF:2
FNH:0
end_of_record
SF:C:\Users\kimri\OneDrive\Desktop\DKSK\Backend\Services\CompanyService.cs
FN:94,DKSKMaui.Backend.Models.Companny DKSKMaui.Backend.Services.CompanyService::GetCompanyInfo(DKSKMaui.Backend.Models.Invoice,System.Collections.Generic.List`1<DKSKMaui.Backend.Models.Companny>)
FNDA:0,DKSKMaui.Backend.Models.Companny DKSKMaui.Backend.Services.CompanyService::GetCompanyInfo(DKSKMaui.Backend.Models.Invoice,System.Collections.Generic.List`1<DKSKMaui.Backend.Models.Companny>)
DA:95,0
DA:96,0
DA:97,0
DA:98,0
DA:99,0
DA:100,0
DA:101,0
BRDA:96,53,1,0
BRDA:98,39,0,0
BRDA:98,39,1,0
BRDA:96,53,0,0
FN:102,DKSKMaui.Backend.Models.Supervisor DKSKMaui.Backend.Services.CompanyService::GetSupervisorInfo(DKSKMaui.Backend.Models.Invoice,System.Collections.Generic.List`1<DKSKMaui.Backend.Models.Companny>)
FNDA:0,DKSKMaui.Backend.Models.Supervisor DKSKMaui.Backend.Services.CompanyService::GetSupervisorInfo(DKSKMaui.Backend.Models.Invoice,System.Collections.Generic.List`1<DKSKMaui.Backend.Models.Companny>)
DA:103,0
DA:104,0
DA:105,0
DA:106,0
DA:107,0
DA:108,0
DA:109,0
DA:110,0
DA:111,0
DA:112,0
DA:113,0
DA:114,0
DA:115,0
DA:116,0
DA:117,0
DA:118,0
BRDA:104,193,1,0
BRDA:106,42,0,0
BRDA:108,165,1,0
BRDA:110,138,1,0
BRDA:112,122,0,0
BRDA:112,122,1,0
BRDA:110,138,0,0
BRDA:108,165,0,0
BRDA:106,42,1,0
BRDA:104,193,0,0
FN:119,DKSKMaui.Backend.Models.Properties DKSKMaui.Backend.Services.CompanyService::GetPropertyInfo(DKSKMaui.Backend.Models.Invoice,System.Collections.Generic.List`1<DKSKMaui.Backend.Models.Companny>)
FNDA:0,DKSKMaui.Backend.Models.Properties DKSKMaui.Backend.Services.CompanyService::GetPropertyInfo(DKSKMaui.Backend.Models.Invoice,System.Collections.Generic.List`1<DKSKMaui.Backend.Models.Companny>)
DA:120,0
DA:121,0
DA:122,0
DA:123,0
DA:124,0
DA:125,0
DA:126,0
DA:127,0
DA:128,0
DA:129,0
DA:130,0
DA:131,0
DA:132,0
DA:133,0
DA:134,0
DA:135,0
BRDA:121,193,1,0
BRDA:123,42,0,0
BRDA:125,165,1,0
BRDA:127,138,1,0
BRDA:129,122,0,0
BRDA:129,122,1,0
BRDA:127,138,0,0
BRDA:125,165,0,0
BRDA:123,42,1,0
BRDA:121,193,0,0
FN:12,System.Void DKSKMaui.Backend.Services.CompanyService::.ctor(DKSKMaui.Backend.Data.AppDbContext,Microsoft.Extensions.Logging.ILogger`1<DKSKMaui.Backend.Services.CompanyService>)
FNDA:40,System.Void DKSKMaui.Backend.Services.CompanyService::.ctor(DKSKMaui.Backend.Data.AppDbContext,Microsoft.Extensions.Logging.ILogger`1<DKSKMaui.Backend.Services.CompanyService>)
DA:13,40
DA:14,40
DA:15,40
DA:16,40
DA:17,40
LF:44
LH:5
BRF:24
BRH:0
FNF:4
FNH:1
end_of_record
SF:C:\Users\kimri\OneDrive\Desktop\DKSK\Backend\Services\ContractorService.cs
FN:12,System.Void DKSKMaui.Backend.Services.ContractorService::.ctor(DKSKMaui.Backend.Data.AppDbContext,Microsoft.Extensions.Logging.ILogger`1<DKSKMaui.Backend.Services.ContractorService>)
FNDA:34,System.Void DKSKMaui.Backend.Services.ContractorService::.ctor(DKSKMaui.Backend.Data.AppDbContext,Microsoft.Extensions.Logging.ILogger`1<DKSKMaui.Backend.Services.ContractorService>)
DA:13,34
DA:14,34
DA:15,34
DA:16,34
DA:17,34
LF:5
LH:5
BRF:0
BRH:0
FNF:1
FNH:1
end_of_record
SF:C:\Users\kimri\OneDrive\Desktop\DKSK\Backend\Services\GlobalStateService.cs
FN:8,System.Void DKSKMaui.Backend.Services.GlobalStateService::NotifyStateChanged()
FNDA:6,System.Void DKSKMaui.Backend.Services.GlobalStateService::NotifyStateChanged()
DA:9,6
BRDA:9,7,0,2
BRDA:9,7,1,4
LF:1
LH:1
BRF:2
BRH:2
FNF:1
FNH:1
end_of_record
SF:C:\Users\kimri\OneDrive\Desktop\DKSK\Backend\Services\InvoiceService.cs
FN:12,System.Void DKSKMaui.Backend.Services.InvoiceService::.ctor(DKSKMaui.Backend.Data.AppDbContext,Microsoft.Extensions.Logging.ILogger`1<DKSKMaui.Backend.Services.InvoiceService>)
FNDA:54,System.Void DKSKMaui.Backend.Services.InvoiceService::.ctor(DKSKMaui.Backend.Data.AppDbContext,Microsoft.Extensions.Logging.ILogger`1<DKSKMaui.Backend.Services.InvoiceService>)
DA:13,54
DA:14,54
DA:15,54
DA:16,54
DA:17,54
LF:5
LH:5
BRF:0
BRH:0
FNF:1
FNH:1
end_of_record
SF:C:\Users\kimri\OneDrive\Desktop\DKSK\Backend\Services\MyCompanyInfoService.cs
FN:12,System.Void DKSKMaui.Backend.Services.MyCompanyInfoService::.ctor(DKSKMaui.Backend.Data.AppDbContext,Microsoft.Extensions.Logging.ILogger`1<DKSKMaui.Backend.Services.MyCompanyInfoService>)
FNDA:12,System.Void DKSKMaui.Backend.Services.MyCompanyInfoService::.ctor(DKSKMaui.Backend.Data.AppDbContext,Microsoft.Extensions.Logging.ILogger`1<DKSKMaui.Backend.Services.MyCompanyInfoService>)
DA:13,12
DA:14,12
DA:15,12
DA:16,12
DA:17,12
LF:5
LH:5
BRF:0
BRH:0
FNF:1
FNH:1
end_of_record
SF:C:\Users\kimri\OneDrive\Desktop\DKSK\Backend\Services\NewJobsService.cs
FN:12,System.Void DKSKMaui.Backend.Services.JobDescriptionService::.ctor(DKSKMaui.Backend.Data.AppDbContext,Microsoft.Extensions.Logging.ILogger`1<DKSKMaui.Backend.Services.JobDescriptionService>)
FNDA:25,System.Void DKSKMaui.Backend.Services.JobDescriptionService::.ctor(DKSKMaui.Backend.Data.AppDbContext,Microsoft.Extensions.Logging.ILogger`1<DKSKMaui.Backend.Services.JobDescriptionService>)
DA:13,25
DA:14,25
DA:15,25
DA:16,25
DA:17,25
LF:5
LH:5
BRF:0
BRH:0
FNF:1
FNH:1
end_of_record
SF:C:\Users\kimri\OneDrive\Desktop\DKSK\Backend\Services\PropertiesService.cs
FN:12,System.Void DKSKMaui.Backend.Services.PropertiesService::.ctor(DKSKMaui.Backend.Data.AppDbContext,Microsoft.Extensions.Logging.ILogger`1<DKSKMaui.Backend.Services.PropertiesService>)
FNDA:25,System.Void DKSKMaui.Backend.Services.PropertiesService::.ctor(DKSKMaui.Backend.Data.AppDbContext,Microsoft.Extensions.Logging.ILogger`1<DKSKMaui.Backend.Services.PropertiesService>)
DA:13,25
DA:14,25
DA:15,25
DA:16,25
DA:17,25
LF:5
LH:5
BRF:0
BRH:0
FNF:1
FNH:1
end_of_record
SF:C:\Users\kimri\OneDrive\Desktop\DKSK\Backend\Services\SupervisorService.cs
FN:12,System.Void DKSKMaui.Backend.Services.SupervisorService::.ctor(DKSKMaui.Backend.Data.AppDbContext,Microsoft.Extensions.Logging.ILogger`1<DKSKMaui.Backend.Services.SupervisorService>)
FNDA:21,System.Void DKSKMaui.Backend.Services.SupervisorService::.ctor(DKSKMaui.Backend.Data.AppDbContext,Microsoft.Extensions.Logging.ILogger`1<DKSKMaui.Backend.Services.SupervisorService>)
DA:13,21
DA:14,21
DA:15,21
DA:16,21
DA:17,21
LF:5
LH:5
BRF:0
BRH:0
FNF:1
FNH:1
end_of_record