<?xml version="1.0" encoding="utf-8"?>
<CoverageSession>
  <Summary numSequencePoints="962" visitedSequencePoints="191" numBranchPoints="264" visitedBranchPoints="39" sequenceCoverage="19.85" branchCoverage="14.77" maxCyclomaticComplexity="353" minCyclomaticComplexity="353" visitedClasses="28" numClasses="46" visitedMethods="40" numMethods="148" />
  <Modules>
    <Module hash="01AFF754-03DD-43F6-B7BF-30A0D2F656C3">
      <ModulePath>DKSKMaui.dll</ModulePath>
      <ModuleTime>2025-11-01T04:30:48</ModuleTime>
      <ModuleName>DKSKMaui</ModuleName>
      <Files>
        <File uid="1" fullPath="C:\Users\kimri\.nuget\packages\microsoft.windowsappsdk\1.5.240802000\include\UndockedRegFreeWinRT-AutoInitializer.cs" />
        <File uid="2" fullPath="C:\Users\kimri\OneDrive\Desktop\DKSKMaui\App.xaml.cs" />
        <File uid="3" fullPath="C:\Users\kimri\OneDrive\Desktop\DKSKMaui\MainPage.xaml.cs" />
        <File uid="4" fullPath="C:\Users\kimri\OneDrive\Desktop\DKSKMaui\Components\TestApp.razor" />
        <File uid="5" fullPath="C:\Users\kimri\OneDrive\Desktop\DKSKMaui\Components\Pages\Counter.razor" />
        <File uid="6" fullPath="C:\Users\kimri\OneDrive\Desktop\DKSKMaui\Components\Pages\Error.razor" />
        <File uid="7" fullPath="C:\Users\kimri\OneDrive\Desktop\DKSKMaui\Components\Pages\Home.razor" />
        <File uid="8" fullPath="C:\Users\kimri\OneDrive\Desktop\DKSKMaui\Components\Pages\Weather.razor" />
        <File uid="9" fullPath="C:\Users\kimri\OneDrive\Desktop\DKSKMaui\Components\Pages\AccountsReceivable\AccountsReceivable.razor" />
        <File uid="10" fullPath="C:\Users\kimri\OneDrive\Desktop\DKSKMaui\Components\Pages\Test\TestPage.razor" />
        <File uid="11" fullPath="C:\Users\kimri\OneDrive\Desktop\DKSKMaui\Components\Pages\Startjob\Startjob.razor" />
        <File uid="12" fullPath="C:\Users\kimri\OneDrive\Desktop\DKSKMaui\Components\Pages\Startjob\StartJobConfirmDialogComponent.razor" />
        <File uid="13" fullPath="C:\Users\kimri\OneDrive\Desktop\DKSKMaui\Components\Pages\Sales\Sales.razor" />
        <File uid="14" fullPath="C:\Users\kimri\OneDrive\Desktop\DKSKMaui\Components\Pages\Sales\SalesDetail.razor" />
        <File uid="15" fullPath="C:\Users\kimri\OneDrive\Desktop\DKSKMaui\Components\Pages\Payroll\Payroll.razor" />
        <File uid="16" fullPath="C:\Users\kimri\OneDrive\Desktop\DKSKMaui\Components\Pages\NewJobs\Newjobs.razor" />
        <File uid="17" fullPath="C:\Users\kimri\OneDrive\Desktop\DKSKMaui\Components\Pages\MajorFunctions\FunctionsList.razor" />
        <File uid="18" fullPath="C:\Users\kimri\OneDrive\Desktop\DKSKMaui\Components\Pages\JobDescription\Jobdescription.razor" />
        <File uid="19" fullPath="C:\Users\kimri\OneDrive\Desktop\DKSKMaui\Components\Pages\EditContacts\Editcontacts.razor" />
        <File uid="20" fullPath="C:\Users\kimri\OneDrive\Desktop\DKSKMaui\Components\Pages\EditContacts\EditContractor\Editcontractor.razor" />
        <File uid="21" fullPath="C:\Users\kimri\OneDrive\Desktop\DKSKMaui\Components\Pages\EditContacts\EditCompanny\Editcompany.razor" />
        <File uid="22" fullPath="C:\Users\kimri\OneDrive\Desktop\DKSKMaui\Components\Pages\CreteInvoice\CreateInvoice.razor" />
        <File uid="23" fullPath="C:\Users\kimri\OneDrive\Desktop\DKSKMaui\Components\Pages\CreteInvoice\CreateInvoiceConfirmDialogComponent.razor" />
        <File uid="24" fullPath="C:\Users\kimri\OneDrive\Desktop\DKSKMaui\Components\Pages\ContractorJobs\ContractorJobs.razor" />
        <File uid="25" fullPath="C:\Users\kimri\OneDrive\Desktop\DKSKMaui\Components\Pages\AgingReports\Agingreports.razor" />
        <File uid="26" fullPath="C:\Users\kimri\OneDrive\Desktop\DKSKMaui\Components\Pages\AddContactFolder\Addcompany.razor" />
        <File uid="27" fullPath="C:\Users\kimri\OneDrive\Desktop\DKSKMaui\Components\Pages\AddContactFolder\Addcontacts.razor" />
        <File uid="28" fullPath="C:\Users\kimri\OneDrive\Desktop\DKSKMaui\Components\Pages\AddContactFolder\Addcontractor.razor" />
        <File uid="29" fullPath="C:\Users\kimri\OneDrive\Desktop\DKSKMaui\Components\Pages\AddContactFolder\Addmanager.razor" />
        <File uid="30" fullPath="C:\Users\kimri\OneDrive\Desktop\DKSKMaui\Components\Pages\AddContactFolder\Addproperty.razor" />
        <File uid="31" fullPath="C:\Users\kimri\OneDrive\Desktop\DKSKMaui\Components\Pages\AddContactFolder\Addsupervisor.razor" />
        <File uid="32" fullPath="C:\Users\kimri\OneDrive\Desktop\DKSKMaui\Components\Pages\ActiveJobs\ActiveJobs.razor" />
        <File uid="33" fullPath="C:\Users\kimri\OneDrive\Desktop\DKSKMaui\Components\Common\CustomErrorBoundary.razor" />
        <File uid="34" fullPath="C:\Users\kimri\OneDrive\Desktop\DKSKMaui\Components\Common\EditableDropdown.razor" />
        <File uid="35" fullPath="C:\Users\kimri\OneDrive\Desktop\DKSKMaui\Components\Common\SelectItemDialog.razor" />
        <File uid="36" fullPath="C:\Users\kimri\OneDrive\Desktop\DKSKMaui\Platforms\Windows\App.xaml.cs" />
        <File uid="37" fullPath="C:\Users\kimri\OneDrive\Desktop\DKSKMaui\Backend\Services\CompanyService.cs" />
        <File uid="38" fullPath="C:\Users\kimri\OneDrive\Desktop\DKSKMaui\Backend\Services\ContractorService.cs" />
        <File uid="39" fullPath="C:\Users\kimri\OneDrive\Desktop\DKSKMaui\Backend\Services\GlobalStateService.cs" />
        <File uid="40" fullPath="C:\Users\kimri\OneDrive\Desktop\DKSKMaui\Backend\Services\InvoiceService.cs" />
        <File uid="41" fullPath="C:\Users\kimri\OneDrive\Desktop\DKSKMaui\Backend\Services\MyCompanyInfoService.cs" />
        <File uid="42" fullPath="C:\Users\kimri\OneDrive\Desktop\DKSKMaui\Backend\Services\NewJobsService.cs" />
        <File uid="43" fullPath="C:\Users\kimri\OneDrive\Desktop\DKSKMaui\Backend\Services\PropertiesService.cs" />
        <File uid="44" fullPath="C:\Users\kimri\OneDrive\Desktop\DKSKMaui\Backend\Services\SupervisorService.cs" />
      </Files>
      <Classes>
        <Class>
          <Summary numSequencePoints="4" visitedSequencePoints="4" numBranchPoints="0" visitedBranchPoints="0" sequenceCoverage="100" branchCoverage="100" maxCyclomaticComplexity="1" minCyclomaticComplexity="1" visitedClasses="1" numClasses="1" visitedMethods="1" numMethods="1" />
          <FullName>Microsoft.Windows.Foundation.UndockedRegFreeWinRTCS.AutoInitialize</FullName>
          <Methods>
            <Method cyclomaticComplexity="1" nPathComplexity="1" sequenceCoverage="100" branchCoverage="100" isConstructor="False" isGetter="False" isSetter="False" isStatic="True">
              <Summary numSequencePoints="4" visitedSequencePoints="4" numBranchPoints="0" visitedBranchPoints="0" sequenceCoverage="100" branchCoverage="100" maxCyclomaticComplexity="1" minCyclomaticComplexity="1" visitedClasses="0" numClasses="0" visitedMethods="1" numMethods="1" />
              <MetadataToken />
              <Name>System.Void Microsoft.Windows.Foundation.UndockedRegFreeWinRTCS.AutoInitialize::AccessWindowsAppSDK()</Name>
              <FileRef uid="1" />
              <SequencePoints>
                <SequencePoint vc="1" uspid="25" ordinal="0" sl="25" sc="1" el="25" ec="2" bec="0" bev="0" fileid="1" />
                <SequencePoint vc="1" uspid="27" ordinal="1" sl="27" sc="1" el="27" ec="2" bec="0" bev="0" fileid="1" />
                <SequencePoint vc="1" uspid="33" ordinal="2" sl="33" sc="1" el="33" ec="2" bec="0" bev="0" fileid="1" />
                <SequencePoint vc="1" uspid="34" ordinal="3" sl="34" sc="1" el="34" ec="2" bec="0" bev="0" fileid="1" />
              </SequencePoints>
              <BranchPoints />
              <MethodPoint vc="4" uspid="0" p8:type="SequencePoint" ordinal="0" offset="0" sc="0" sl="25" ec="1" el="34" bec="0" bev="0" fileid="1" xmlns:p8="xsi" />
            </Method>
          </Methods>
        </Class>
        <Class>
          <Summary numSequencePoints="12" visitedSequencePoints="0" numBranchPoints="0" visitedBranchPoints="0" sequenceCoverage="0" branchCoverage="100" maxCyclomaticComplexity="1" minCyclomaticComplexity="1" visitedClasses="0" numClasses="1" visitedMethods="0" numMethods="2" />
          <FullName>DKSKMaui.App</FullName>
          <Methods>
            <Method cyclomaticComplexity="1" nPathComplexity="1" sequenceCoverage="0" branchCoverage="100" isConstructor="False" isGetter="False" isSetter="False" isStatic="True">
              <Summary numSequencePoints="8" visitedSequencePoints="0" numBranchPoints="0" visitedBranchPoints="0" sequenceCoverage="0" branchCoverage="100" maxCyclomaticComplexity="1" minCyclomaticComplexity="1" visitedClasses="0" numClasses="0" visitedMethods="0" numMethods="1" />
              <MetadataToken />
              <Name>Microsoft.Maui.Controls.Window DKSKMaui.App::CreateWindow(Microsoft.Maui.IActivationState)</Name>
              <FileRef uid="2" />
              <SequencePoints>
                <SequencePoint vc="0" uspid="11" ordinal="0" sl="11" sc="1" el="11" ec="2" bec="0" bev="0" fileid="2" />
                <SequencePoint vc="0" uspid="12" ordinal="1" sl="12" sc="1" el="12" ec="2" bec="0" bev="0" fileid="2" />
                <SequencePoint vc="0" uspid="13" ordinal="2" sl="13" sc="1" el="13" ec="2" bec="0" bev="0" fileid="2" />
                <SequencePoint vc="0" uspid="14" ordinal="3" sl="14" sc="1" el="14" ec="2" bec="0" bev="0" fileid="2" />
                <SequencePoint vc="0" uspid="15" ordinal="4" sl="15" sc="1" el="15" ec="2" bec="0" bev="0" fileid="2" />
                <SequencePoint vc="0" uspid="16" ordinal="5" sl="16" sc="1" el="16" ec="2" bec="0" bev="0" fileid="2" />
                <SequencePoint vc="0" uspid="17" ordinal="6" sl="17" sc="1" el="17" ec="2" bec="0" bev="0" fileid="2" />
                <SequencePoint vc="0" uspid="18" ordinal="7" sl="18" sc="1" el="18" ec="2" bec="0" bev="0" fileid="2" />
              </SequencePoints>
              <BranchPoints />
              <MethodPoint vc="0" uspid="0" p8:type="SequencePoint" ordinal="0" offset="0" sc="0" sl="11" ec="1" el="18" bec="0" bev="0" fileid="2" xmlns:p8="xsi" />
            </Method>
            <Method cyclomaticComplexity="1" nPathComplexity="1" sequenceCoverage="0" branchCoverage="100" isConstructor="True" isGetter="False" isSetter="False" isStatic="True">
              <Summary numSequencePoints="4" visitedSequencePoints="0" numBranchPoints="0" visitedBranchPoints="0" sequenceCoverage="0" branchCoverage="100" maxCyclomaticComplexity="1" minCyclomaticComplexity="1" visitedClasses="0" numClasses="0" visitedMethods="0" numMethods="1" />
              <MetadataToken />
              <Name>System.Void DKSKMaui.App::.ctor()</Name>
              <FileRef uid="2" />
              <SequencePoints>
                <SequencePoint vc="0" uspid="5" ordinal="0" sl="5" sc="1" el="5" ec="2" bec="0" bev="0" fileid="2" />
                <SequencePoint vc="0" uspid="6" ordinal="1" sl="6" sc="1" el="6" ec="2" bec="0" bev="0" fileid="2" />
                <SequencePoint vc="0" uspid="7" ordinal="2" sl="7" sc="1" el="7" ec="2" bec="0" bev="0" fileid="2" />
                <SequencePoint vc="0" uspid="8" ordinal="3" sl="8" sc="1" el="8" ec="2" bec="0" bev="0" fileid="2" />
              </SequencePoints>
              <BranchPoints />
              <MethodPoint vc="0" uspid="0" p8:type="SequencePoint" ordinal="1" offset="1" sc="0" sl="5" ec="1" el="8" bec="0" bev="0" fileid="2" xmlns:p8="xsi" />
            </Method>
          </Methods>
        </Class>
        <Class>
          <Summary numSequencePoints="4" visitedSequencePoints="0" numBranchPoints="0" visitedBranchPoints="0" sequenceCoverage="0" branchCoverage="100" maxCyclomaticComplexity="1" minCyclomaticComplexity="1" visitedClasses="0" numClasses="1" visitedMethods="0" numMethods="1" />
          <FullName>DKSKMaui.MainPage</FullName>
          <Methods>
            <Method cyclomaticComplexity="1" nPathComplexity="1" sequenceCoverage="0" branchCoverage="100" isConstructor="True" isGetter="False" isSetter="False" isStatic="True">
              <Summary numSequencePoints="4" visitedSequencePoints="0" numBranchPoints="0" visitedBranchPoints="0" sequenceCoverage="0" branchCoverage="100" maxCyclomaticComplexity="1" minCyclomaticComplexity="1" visitedClasses="0" numClasses="0" visitedMethods="0" numMethods="1" />
              <MetadataToken />
              <Name>System.Void DKSKMaui.MainPage::.ctor()</Name>
              <FileRef uid="3" />
              <SequencePoints>
                <SequencePoint vc="0" uspid="5" ordinal="0" sl="5" sc="1" el="5" ec="2" bec="0" bev="0" fileid="3" />
                <SequencePoint vc="0" uspid="6" ordinal="1" sl="6" sc="1" el="6" ec="2" bec="0" bev="0" fileid="3" />
                <SequencePoint vc="0" uspid="7" ordinal="2" sl="7" sc="1" el="7" ec="2" bec="0" bev="0" fileid="3" />
                <SequencePoint vc="0" uspid="8" ordinal="3" sl="8" sc="1" el="8" ec="2" bec="0" bev="0" fileid="3" />
              </SequencePoints>
              <BranchPoints />
              <MethodPoint vc="0" uspid="0" p8:type="SequencePoint" ordinal="0" offset="0" sc="0" sl="5" ec="1" el="8" bec="0" bev="0" fileid="3" xmlns:p8="xsi" />
            </Method>
          </Methods>
        </Class>
        <Class>
          <Summary numSequencePoints="1" visitedSequencePoints="0" numBranchPoints="0" visitedBranchPoints="0" sequenceCoverage="0" branchCoverage="100" maxCyclomaticComplexity="1" minCyclomaticComplexity="1" visitedClasses="0" numClasses="1" visitedMethods="0" numMethods="1" />
          <FullName>DKSKMaui.Components.TestApp</FullName>
          <Methods>
            <Method cyclomaticComplexity="1" nPathComplexity="1" sequenceCoverage="0" branchCoverage="100" isConstructor="False" isGetter="False" isSetter="False" isStatic="True">
              <Summary numSequencePoints="1" visitedSequencePoints="0" numBranchPoints="0" visitedBranchPoints="0" sequenceCoverage="0" branchCoverage="100" maxCyclomaticComplexity="1" minCyclomaticComplexity="1" visitedClasses="0" numClasses="0" visitedMethods="0" numMethods="1" />
              <MetadataToken />
              <Name>System.Void DKSKMaui.Components.TestApp::BuildRenderTree(Microsoft.AspNetCore.Components.Rendering.RenderTreeBuilder)</Name>
              <FileRef uid="4" />
              <SequencePoints>
                <SequencePoint vc="0" uspid="3" ordinal="0" sl="3" sc="1" el="3" ec="2" bec="0" bev="0" fileid="4" />
              </SequencePoints>
              <BranchPoints />
              <MethodPoint vc="0" uspid="0" p8:type="SequencePoint" ordinal="0" offset="0" sc="0" sl="3" ec="1" el="3" bec="0" bev="0" fileid="4" xmlns:p8="xsi" />
            </Method>
          </Methods>
        </Class>
        <Class>
          <Summary numSequencePoints="5" visitedSequencePoints="5" numBranchPoints="0" visitedBranchPoints="0" sequenceCoverage="100" branchCoverage="100" maxCyclomaticComplexity="1" minCyclomaticComplexity="1" visitedClasses="1" numClasses="1" visitedMethods="3" numMethods="3" />
          <FullName>DKSKMaui.Components.Pages.Counter</FullName>
          <Methods>
            <Method cyclomaticComplexity="1" nPathComplexity="1" sequenceCoverage="100" branchCoverage="100" isConstructor="False" isGetter="False" isSetter="False" isStatic="True">
              <Summary numSequencePoints="1" visitedSequencePoints="1" numBranchPoints="0" visitedBranchPoints="0" sequenceCoverage="100" branchCoverage="100" maxCyclomaticComplexity="1" minCyclomaticComplexity="1" visitedClasses="0" numClasses="0" visitedMethods="1" numMethods="1" />
              <MetadataToken />
              <Name>System.Void DKSKMaui.Components.Pages.Counter::BuildRenderTree(Microsoft.AspNetCore.Components.Rendering.RenderTreeBuilder)</Name>
              <FileRef uid="5" />
              <SequencePoints>
                <SequencePoint vc="27" uspid="5" ordinal="0" sl="5" sc="1" el="5" ec="2" bec="0" bev="0" fileid="5" />
              </SequencePoints>
              <BranchPoints />
              <MethodPoint vc="1" uspid="0" p8:type="SequencePoint" ordinal="0" offset="0" sc="0" sl="5" ec="1" el="5" bec="0" bev="0" fileid="5" xmlns:p8="xsi" />
            </Method>
            <Method cyclomaticComplexity="1" nPathComplexity="1" sequenceCoverage="100" branchCoverage="100" isConstructor="False" isGetter="False" isSetter="False" isStatic="True">
              <Summary numSequencePoints="3" visitedSequencePoints="3" numBranchPoints="0" visitedBranchPoints="0" sequenceCoverage="100" branchCoverage="100" maxCyclomaticComplexity="1" minCyclomaticComplexity="1" visitedClasses="0" numClasses="0" visitedMethods="1" numMethods="1" />
              <MetadataToken />
              <Name>System.Void DKSKMaui.Components.Pages.Counter::IncrementCount()</Name>
              <FileRef uid="5" />
              <SequencePoints>
                <SequencePoint vc="10" uspid="13" ordinal="0" sl="13" sc="1" el="13" ec="2" bec="0" bev="0" fileid="5" />
                <SequencePoint vc="10" uspid="14" ordinal="1" sl="14" sc="1" el="14" ec="2" bec="0" bev="0" fileid="5" />
                <SequencePoint vc="10" uspid="15" ordinal="2" sl="15" sc="1" el="15" ec="2" bec="0" bev="0" fileid="5" />
              </SequencePoints>
              <BranchPoints />
              <MethodPoint vc="3" uspid="0" p8:type="SequencePoint" ordinal="1" offset="1" sc="0" sl="13" ec="1" el="15" bec="0" bev="0" fileid="5" xmlns:p8="xsi" />
            </Method>
            <Method cyclomaticComplexity="1" nPathComplexity="1" sequenceCoverage="100" branchCoverage="100" isConstructor="True" isGetter="False" isSetter="False" isStatic="True">
              <Summary numSequencePoints="1" visitedSequencePoints="1" numBranchPoints="0" visitedBranchPoints="0" sequenceCoverage="100" branchCoverage="100" maxCyclomaticComplexity="1" minCyclomaticComplexity="1" visitedClasses="0" numClasses="0" visitedMethods="1" numMethods="1" />
              <MetadataToken />
              <Name>System.Void DKSKMaui.Components.Pages.Counter::.ctor()</Name>
              <FileRef uid="5" />
              <SequencePoints>
                <SequencePoint vc="18" uspid="10" ordinal="0" sl="10" sc="1" el="10" ec="2" bec="0" bev="0" fileid="5" />
              </SequencePoints>
              <BranchPoints />
              <MethodPoint vc="1" uspid="0" p8:type="SequencePoint" ordinal="2" offset="2" sc="0" sl="10" ec="1" el="10" bec="0" bev="0" fileid="5" xmlns:p8="xsi" />
            </Method>
          </Methods>
        </Class>
        <Class>
          <Summary numSequencePoints="11" visitedSequencePoints="11" numBranchPoints="8" visitedBranchPoints="7" sequenceCoverage="100" branchCoverage="87.5" maxCyclomaticComplexity="6" minCyclomaticComplexity="2" visitedClasses="1" numClasses="1" visitedMethods="2" numMethods="2" />
          <FullName>DKSKMaui.Components.Pages.Error</FullName>
          <Methods>
            <Method cyclomaticComplexity="2" nPathComplexity="2" sequenceCoverage="100" branchCoverage="100" isConstructor="False" isGetter="False" isSetter="False" isStatic="True">
              <Summary numSequencePoints="4" visitedSequencePoints="4" numBranchPoints="2" visitedBranchPoints="2" sequenceCoverage="100" branchCoverage="100" maxCyclomaticComplexity="2" minCyclomaticComplexity="2" visitedClasses="0" numClasses="0" visitedMethods="1" numMethods="1" />
              <MetadataToken />
              <Name>System.Void DKSKMaui.Components.Pages.Error::BuildRenderTree(Microsoft.AspNetCore.Components.Rendering.RenderTreeBuilder)</Name>
              <FileRef uid="6" />
              <SequencePoints>
                <SequencePoint vc="9" uspid="19" ordinal="0" sl="19" sc="1" el="19" ec="2" bec="2" bev="2" fileid="6" />
                <SequencePoint vc="9" uspid="20" ordinal="1" sl="20" sc="1" el="20" ec="2" bec="0" bev="0" fileid="6" />
                <SequencePoint vc="9" uspid="22" ordinal="2" sl="22" sc="1" el="22" ec="2" bec="0" bev="0" fileid="6" />
                <SequencePoint vc="9" uspid="24" ordinal="3" sl="24" sc="1" el="24" ec="2" bec="0" bev="0" fileid="6" />
              </SequencePoints>
              <BranchPoints>
                <BranchPoint vc="9" uspid="19" ordinal="0" path="0" offset="277" offsetend="279" sl="19" fileid="6" />
                <BranchPoint vc="9" uspid="19" ordinal="1" path="1" offset="277" offsetend="352" sl="19" fileid="6" />
              </BranchPoints>
              <MethodPoint vc="4" uspid="0" p8:type="SequencePoint" ordinal="0" offset="0" sc="0" sl="19" ec="1" el="24" bec="0" bev="0" fileid="6" xmlns:p8="xsi" />
            </Method>
            <Method cyclomaticComplexity="6" nPathComplexity="6" sequenceCoverage="100" branchCoverage="83.33" isConstructor="False" isGetter="False" isSetter="False" isStatic="True">
              <Summary numSequencePoints="7" visitedSequencePoints="7" numBranchPoints="6" visitedBranchPoints="5" sequenceCoverage="100" branchCoverage="83.33" maxCyclomaticComplexity="6" minCyclomaticComplexity="6" visitedClasses="0" numClasses="0" visitedMethods="1" numMethods="1" />
              <MetadataToken />
              <Name>System.Void DKSKMaui.Components.Pages.Error::OnInitialized()</Name>
              <FileRef uid="6" />
              <SequencePoints>
                <SequencePoint vc="9" uspid="53" ordinal="0" sl="53" sc="1" el="53" ec="2" bec="0" bev="0" fileid="6" />
                <SequencePoint vc="9" uspid="54" ordinal="1" sl="54" sc="1" el="54" ec="2" bec="4" bev="3" fileid="6" />
                <SequencePoint vc="9" uspid="56" ordinal="2" sl="56" sc="1" el="56" ec="2" bec="2" bev="2" fileid="6" />
                <SequencePoint vc="9" uspid="57" ordinal="3" sl="57" sc="1" el="57" ec="2" bec="0" bev="0" fileid="6" />
                <SequencePoint vc="9" uspid="58" ordinal="4" sl="58" sc="1" el="58" ec="2" bec="0" bev="0" fileid="6" />
                <SequencePoint vc="9" uspid="59" ordinal="5" sl="59" sc="1" el="59" ec="2" bec="0" bev="0" fileid="6" />
                <SequencePoint vc="9" uspid="60" ordinal="6" sl="60" sc="1" el="60" ec="2" bec="0" bev="0" fileid="6" />
              </SequencePoints>
              <BranchPoints>
                <BranchPoint vc="9" uspid="54" ordinal="0" path="0" offset="8" offsetend="10" sl="54" fileid="6" />
                <BranchPoint vc="0" uspid="54" ordinal="1" path="1" offset="8" offsetend="14" sl="54" fileid="6" />
                <BranchPoint vc="9" uspid="54" ordinal="2" path="0" offset="20" offsetend="22" sl="54" fileid="6" />
                <BranchPoint vc="9" uspid="54" ordinal="3" path="1" offset="20" offsetend="42" sl="54" fileid="6" />
                <BranchPoint vc="9" uspid="56" ordinal="4" path="0" offset="64" offsetend="66" sl="56" fileid="6" />
                <BranchPoint vc="9" uspid="56" ordinal="5" path="1" offset="64" offsetend="100" sl="56" fileid="6" />
              </BranchPoints>
              <MethodPoint vc="7" uspid="0" p8:type="SequencePoint" ordinal="1" offset="1" sc="0" sl="53" ec="1" el="60" bec="0" bev="0" fileid="6" xmlns:p8="xsi" />
            </Method>
          </Methods>
        </Class>
        <Class>
          <Summary numSequencePoints="3" visitedSequencePoints="3" numBranchPoints="2" visitedBranchPoints="2" sequenceCoverage="100" branchCoverage="100" maxCyclomaticComplexity="2" minCyclomaticComplexity="2" visitedClasses="1" numClasses="1" visitedMethods="1" numMethods="1" />
          <FullName>DKSKMaui.Components.Pages.Home</FullName>
          <Methods>
            <Method cyclomaticComplexity="2" nPathComplexity="2" sequenceCoverage="100" branchCoverage="100" isConstructor="False" isGetter="False" isSetter="False" isStatic="True">
              <Summary numSequencePoints="3" visitedSequencePoints="3" numBranchPoints="2" visitedBranchPoints="2" sequenceCoverage="100" branchCoverage="100" maxCyclomaticComplexity="2" minCyclomaticComplexity="2" visitedClasses="0" numClasses="0" visitedMethods="1" numMethods="1" />
              <MetadataToken />
              <Name>System.Void DKSKMaui.Components.Pages.Home::BuildRenderTree(Microsoft.AspNetCore.Components.Rendering.RenderTreeBuilder)</Name>
              <FileRef uid="7" />
              <SequencePoints>
                <SequencePoint vc="6" uspid="6" ordinal="0" sl="6" sc="1" el="6" ec="2" bec="2" bev="2" fileid="7" />
                <SequencePoint vc="6" uspid="7" ordinal="1" sl="7" sc="1" el="7" ec="2" bec="0" bev="0" fileid="7" />
                <SequencePoint vc="6" uspid="41" ordinal="2" sl="41" sc="1" el="41" ec="2" bec="0" bev="0" fileid="7" />
              </SequencePoints>
              <BranchPoints>
                <BranchPoint vc="6" uspid="6" ordinal="0" path="0" offset="12" offsetend="14" sl="6" fileid="7" />
                <BranchPoint vc="6" uspid="6" ordinal="1" path="1" offset="12" offsetend="126" sl="6" fileid="7" />
              </BranchPoints>
              <MethodPoint vc="3" uspid="0" p8:type="SequencePoint" ordinal="0" offset="0" sc="0" sl="6" ec="1" el="41" bec="0" bev="0" fileid="7" xmlns:p8="xsi" />
            </Method>
          </Methods>
        </Class>
        <Class>
          <Summary numSequencePoints="12" visitedSequencePoints="12" numBranchPoints="4" visitedBranchPoints="4" sequenceCoverage="100" branchCoverage="100" maxCyclomaticComplexity="4" minCyclomaticComplexity="4" visitedClasses="1" numClasses="1" visitedMethods="1" numMethods="1" />
          <FullName>DKSKMaui.Components.Pages.Weather</FullName>
          <Methods>
            <Method cyclomaticComplexity="4" nPathComplexity="4" sequenceCoverage="100" branchCoverage="100" isConstructor="False" isGetter="False" isSetter="False" isStatic="True">
              <Summary numSequencePoints="12" visitedSequencePoints="12" numBranchPoints="4" visitedBranchPoints="4" sequenceCoverage="100" branchCoverage="100" maxCyclomaticComplexity="4" minCyclomaticComplexity="4" visitedClasses="0" numClasses="0" visitedMethods="1" numMethods="1" />
              <MetadataToken />
              <Name>System.Void DKSKMaui.Components.Pages.Weather::BuildRenderTree(Microsoft.AspNetCore.Components.Rendering.RenderTreeBuilder)</Name>
              <FileRef uid="8" />
              <SequencePoints>
                <SequencePoint vc="40" uspid="7" ordinal="0" sl="7" sc="1" el="7" ec="2" bec="2" bev="2" fileid="8" />
                <SequencePoint vc="17" uspid="8" ordinal="1" sl="8" sc="1" el="8" ec="2" bec="0" bev="0" fileid="8" />
                <SequencePoint vc="17" uspid="10" ordinal="2" sl="10" sc="1" el="10" ec="2" bec="0" bev="0" fileid="8" />
                <SequencePoint vc="23" uspid="12" ordinal="3" sl="12" sc="1" el="12" ec="2" bec="0" bev="0" fileid="8" />
                <SequencePoint vc="299" uspid="23" ordinal="4" sl="23" sc="1" el="23" ec="2" bec="2" bev="2" fileid="8" />
                <SequencePoint vc="115" uspid="24" ordinal="5" sl="24" sc="1" el="24" ec="2" bec="0" bev="0" fileid="8" />
                <SequencePoint vc="115" uspid="26" ordinal="6" sl="26" sc="1" el="26" ec="2" bec="0" bev="0" fileid="8" />
                <SequencePoint vc="115" uspid="27" ordinal="7" sl="27" sc="1" el="27" ec="2" bec="0" bev="0" fileid="8" />
                <SequencePoint vc="115" uspid="28" ordinal="8" sl="28" sc="1" el="28" ec="2" bec="0" bev="0" fileid="8" />
                <SequencePoint vc="115" uspid="29" ordinal="9" sl="29" sc="1" el="29" ec="2" bec="0" bev="0" fileid="8" />
                <SequencePoint vc="115" uspid="31" ordinal="10" sl="31" sc="1" el="31" ec="2" bec="0" bev="0" fileid="8" />
                <SequencePoint vc="23" uspid="34" ordinal="11" sl="34" sc="1" el="34" ec="2" bec="0" bev="0" fileid="8" />
              </SequencePoints>
              <BranchPoints>
                <BranchPoint vc="17" uspid="7" ordinal="0" path="0" offset="38" offsetend="40" sl="7" fileid="8" />
                <BranchPoint vc="23" uspid="7" ordinal="1" path="1" offset="38" offsetend="60" sl="7" fileid="8" />
                <BranchPoint vc="115" uspid="23" ordinal="3" path="1" offset="371" offsetend="133" sl="23" fileid="8" />
                <BranchPoint vc="23" uspid="23" ordinal="2" path="0" offset="371" offsetend="376" sl="23" fileid="8" />
              </BranchPoints>
              <MethodPoint vc="12" uspid="0" p8:type="SequencePoint" ordinal="0" offset="0" sc="0" sl="7" ec="1" el="34" bec="0" bev="0" fileid="8" xmlns:p8="xsi" />
            </Method>
          </Methods>
        </Class>
        <Class>
          <Summary numSequencePoints="1" visitedSequencePoints="1" numBranchPoints="0" visitedBranchPoints="0" sequenceCoverage="100" branchCoverage="100" maxCyclomaticComplexity="1" minCyclomaticComplexity="1" visitedClasses="1" numClasses="1" visitedMethods="1" numMethods="1" />
          <FullName>DKSKMaui.Components.Pages.Weather/WeatherForecast</FullName>
          <Methods>
            <Method cyclomaticComplexity="1" nPathComplexity="1" sequenceCoverage="100" branchCoverage="100" isConstructor="False" isGetter="True" isSetter="False" isStatic="True">
              <Summary numSequencePoints="1" visitedSequencePoints="1" numBranchPoints="0" visitedBranchPoints="0" sequenceCoverage="100" branchCoverage="100" maxCyclomaticComplexity="1" minCyclomaticComplexity="1" visitedClasses="0" numClasses="0" visitedMethods="1" numMethods="1" />
              <MetadataToken />
              <Name>System.Int32 DKSKMaui.Components.Pages.Weather/WeatherForecast::get_TemperatureF()</Name>
              <FileRef uid="8" />
              <SequencePoints>
                <SequencePoint vc="115" uspid="59" ordinal="0" sl="59" sc="1" el="59" ec="2" bec="0" bev="0" fileid="8" />
              </SequencePoints>
              <BranchPoints />
              <MethodPoint vc="1" uspid="0" p8:type="SequencePoint" ordinal="0" offset="0" sc="0" sl="59" ec="1" el="59" bec="0" bev="0" fileid="8" xmlns:p8="xsi" />
            </Method>
          </Methods>
        </Class>
        <Class>
          <Summary numSequencePoints="96" visitedSequencePoints="13" numBranchPoints="26" visitedBranchPoints="0" sequenceCoverage="13.54" branchCoverage="0" maxCyclomaticComplexity="10" minCyclomaticComplexity="1" visitedClasses="1" numClasses="1" visitedMethods="1" numMethods="9" />
          <FullName>DKSKMaui.Components.Pages.AccountsReceivable.AccountsReceivable</FullName>
          <Methods>
            <Method cyclomaticComplexity="4" nPathComplexity="4" sequenceCoverage="0" branchCoverage="0" isConstructor="False" isGetter="False" isSetter="False" isStatic="True">
              <Summary numSequencePoints="3" visitedSequencePoints="0" numBranchPoints="4" visitedBranchPoints="0" sequenceCoverage="0" branchCoverage="0" maxCyclomaticComplexity="4" minCyclomaticComplexity="4" visitedClasses="0" numClasses="0" visitedMethods="0" numMethods="1" />
              <MetadataToken />
              <Name>System.Void DKSKMaui.Components.Pages.AccountsReceivable.AccountsReceivable::BuildRenderTree(Microsoft.AspNetCore.Components.Rendering.RenderTreeBuilder)</Name>
              <FileRef uid="9" />
              <SequencePoints>
                <SequencePoint vc="0" uspid="26" ordinal="0" sl="26" sc="1" el="26" ec="2" bec="4" bev="0" fileid="9" />
                <SequencePoint vc="0" uspid="27" ordinal="1" sl="27" sc="1" el="27" ec="2" bec="0" bev="0" fileid="9" />
                <SequencePoint vc="0" uspid="90" ordinal="2" sl="90" sc="1" el="90" ec="2" bec="0" bev="0" fileid="9" />
              </SequencePoints>
              <BranchPoints>
                <BranchPoint vc="0" uspid="26" ordinal="0" path="0" offset="521" offsetend="523" sl="26" fileid="9" />
                <BranchPoint vc="0" uspid="26" ordinal="1" path="1" offset="521" offsetend="536" sl="26" fileid="9" />
                <BranchPoint vc="0" uspid="26" ordinal="2" path="0" offset="539" offsetend="544" sl="26" fileid="9" />
                <BranchPoint vc="0" uspid="26" ordinal="3" path="1" offset="539" offsetend="937" sl="26" fileid="9" />
              </BranchPoints>
              <MethodPoint vc="0" uspid="0" p8:type="SequencePoint" ordinal="0" offset="0" sc="0" sl="26" ec="1" el="90" bec="0" bev="0" fileid="9" xmlns:p8="xsi" />
            </Method>
            <Method cyclomaticComplexity="1" nPathComplexity="1" sequenceCoverage="0" branchCoverage="100" isConstructor="False" isGetter="False" isSetter="False" isStatic="True">
              <Summary numSequencePoints="4" visitedSequencePoints="0" numBranchPoints="0" visitedBranchPoints="0" sequenceCoverage="0" branchCoverage="100" maxCyclomaticComplexity="1" minCyclomaticComplexity="1" visitedClasses="0" numClasses="0" visitedMethods="0" numMethods="1" />
              <MetadataToken />
              <Name>System.Void DKSKMaui.Components.Pages.AccountsReceivable.AccountsReceivable::OnColumnReordered(Radzen.DataGridColumnReorderedEventArgs`1&lt;DKSKMaui.Backend.Models.Invoice&gt;)</Name>
              <FileRef uid="9" />
              <SequencePoints>
                <SequencePoint vc="0" uspid="124" ordinal="0" sl="124" sc="1" el="124" ec="2" bec="0" bev="0" fileid="9" />
                <SequencePoint vc="0" uspid="125" ordinal="1" sl="125" sc="1" el="125" ec="2" bec="0" bev="0" fileid="9" />
                <SequencePoint vc="0" uspid="126" ordinal="2" sl="126" sc="1" el="126" ec="2" bec="0" bev="0" fileid="9" />
                <SequencePoint vc="0" uspid="127" ordinal="3" sl="127" sc="1" el="127" ec="2" bec="0" bev="0" fileid="9" />
              </SequencePoints>
              <BranchPoints />
              <MethodPoint vc="0" uspid="0" p8:type="SequencePoint" ordinal="1" offset="1" sc="0" sl="124" ec="1" el="127" bec="0" bev="0" fileid="9" xmlns:p8="xsi" />
            </Method>
            <Method cyclomaticComplexity="4" nPathComplexity="4" sequenceCoverage="0" branchCoverage="0" isConstructor="False" isGetter="False" isSetter="False" isStatic="True">
              <Summary numSequencePoints="17" visitedSequencePoints="0" numBranchPoints="4" visitedBranchPoints="0" sequenceCoverage="0" branchCoverage="0" maxCyclomaticComplexity="4" minCyclomaticComplexity="4" visitedClasses="0" numClasses="0" visitedMethods="0" numMethods="1" />
              <MetadataToken />
              <Name>System.Void DKSKMaui.Components.Pages.AccountsReceivable.AccountsReceivable::CheckGridInitialization(System.Object)</Name>
              <FileRef uid="9" />
              <SequencePoints>
                <SequencePoint vc="0" uspid="160" ordinal="0" sl="160" sc="1" el="160" ec="2" bec="0" bev="0" fileid="9" />
                <SequencePoint vc="0" uspid="161" ordinal="1" sl="161" sc="1" el="161" ec="2" bec="4" bev="0" fileid="9" />
                <SequencePoint vc="0" uspid="162" ordinal="2" sl="162" sc="1" el="162" ec="2" bec="0" bev="0" fileid="9" />
                <SequencePoint vc="0" uspid="164" ordinal="3" sl="164" sc="1" el="164" ec="2" bec="0" bev="0" fileid="9" />
                <SequencePoint vc="0" uspid="165" ordinal="4" sl="165" sc="1" el="165" ec="2" bec="0" bev="0" fileid="9" />
                <SequencePoint vc="0" uspid="166" ordinal="5" sl="166" sc="1" el="166" ec="2" bec="0" bev="0" fileid="9" />
                <SequencePoint vc="0" uspid="167" ordinal="6" sl="167" sc="1" el="167" ec="2" bec="0" bev="0" fileid="9" />
                <SequencePoint vc="0" uspid="168" ordinal="7" sl="168" sc="1" el="168" ec="2" bec="0" bev="0" fileid="9" />
                <SequencePoint vc="0" uspid="169" ordinal="8" sl="169" sc="1" el="169" ec="2" bec="0" bev="0" fileid="9" />
                <SequencePoint vc="0" uspid="170" ordinal="9" sl="170" sc="1" el="170" ec="2" bec="0" bev="0" fileid="9" />
                <SequencePoint vc="0" uspid="171" ordinal="10" sl="171" sc="1" el="171" ec="2" bec="0" bev="0" fileid="9" />
                <SequencePoint vc="0" uspid="172" ordinal="11" sl="172" sc="1" el="172" ec="2" bec="0" bev="0" fileid="9" />
                <SequencePoint vc="0" uspid="173" ordinal="12" sl="173" sc="1" el="173" ec="2" bec="0" bev="0" fileid="9" />
                <SequencePoint vc="0" uspid="174" ordinal="13" sl="174" sc="1" el="174" ec="2" bec="0" bev="0" fileid="9" />
                <SequencePoint vc="0" uspid="175" ordinal="14" sl="175" sc="1" el="175" ec="2" bec="0" bev="0" fileid="9" />
                <SequencePoint vc="0" uspid="176" ordinal="15" sl="176" sc="1" el="176" ec="2" bec="0" bev="0" fileid="9" />
                <SequencePoint vc="0" uspid="177" ordinal="16" sl="177" sc="1" el="177" ec="2" bec="0" bev="0" fileid="9" />
              </SequencePoints>
              <BranchPoints>
                <BranchPoint vc="0" uspid="161" ordinal="0" path="0" offset="7" offsetend="9" sl="161" fileid="9" />
                <BranchPoint vc="0" uspid="161" ordinal="1" path="1" offset="7" offsetend="20" sl="161" fileid="9" />
                <BranchPoint vc="0" uspid="161" ordinal="2" path="0" offset="23" offsetend="25" sl="161" fileid="9" />
                <BranchPoint vc="0" uspid="161" ordinal="3" path="1" offset="23" offsetend="46" sl="161" fileid="9" />
              </BranchPoints>
              <MethodPoint vc="0" uspid="0" p8:type="SequencePoint" ordinal="2" offset="2" sc="0" sl="160" ec="1" el="177" bec="0" bev="0" fileid="9" xmlns:p8="xsi" />
            </Method>
            <Method cyclomaticComplexity="2" nPathComplexity="2" sequenceCoverage="0" branchCoverage="0" isConstructor="False" isGetter="False" isSetter="False" isStatic="True">
              <Summary numSequencePoints="3" visitedSequencePoints="0" numBranchPoints="2" visitedBranchPoints="0" sequenceCoverage="0" branchCoverage="0" maxCyclomaticComplexity="2" minCyclomaticComplexity="2" visitedClasses="0" numClasses="0" visitedMethods="0" numMethods="1" />
              <MetadataToken />
              <Name>System.Void DKSKMaui.Components.Pages.AccountsReceivable.AccountsReceivable::Dispose()</Name>
              <FileRef uid="9" />
              <SequencePoints>
                <SequencePoint vc="0" uspid="195" ordinal="0" sl="195" sc="1" el="195" ec="2" bec="0" bev="0" fileid="9" />
                <SequencePoint vc="0" uspid="196" ordinal="1" sl="196" sc="1" el="196" ec="2" bec="2" bev="0" fileid="9" />
                <SequencePoint vc="0" uspid="197" ordinal="2" sl="197" sc="1" el="197" ec="2" bec="0" bev="0" fileid="9" />
              </SequencePoints>
              <BranchPoints>
                <BranchPoint vc="0" uspid="196" ordinal="0" path="0" offset="8" offsetend="10" sl="196" fileid="9" />
                <BranchPoint vc="0" uspid="196" ordinal="1" path="1" offset="8" offsetend="13" sl="196" fileid="9" />
              </BranchPoints>
              <MethodPoint vc="0" uspid="0" p8:type="SequencePoint" ordinal="3" offset="3" sc="0" sl="195" ec="1" el="197" bec="0" bev="0" fileid="9" xmlns:p8="xsi" />
            </Method>
            <Method cyclomaticComplexity="10" nPathComplexity="10" sequenceCoverage="0" branchCoverage="0" isConstructor="False" isGetter="False" isSetter="False" isStatic="True">
              <Summary numSequencePoints="29" visitedSequencePoints="0" numBranchPoints="10" visitedBranchPoints="0" sequenceCoverage="0" branchCoverage="0" maxCyclomaticComplexity="10" minCyclomaticComplexity="10" visitedClasses="0" numClasses="0" visitedMethods="0" numMethods="1" />
              <MetadataToken />
              <Name>System.Collections.Generic.List`1&lt;DKSKMaui.Backend.Models.JobDiscription&gt; DKSKMaui.Components.Pages.AccountsReceivable.AccountsReceivable::GetJDList(DKSKMaui.Backend.Models.Invoice)</Name>
              <FileRef uid="9" />
              <SequencePoints>
                <SequencePoint vc="0" uspid="236" ordinal="0" sl="236" sc="1" el="236" ec="2" bec="0" bev="0" fileid="9" />
                <SequencePoint vc="0" uspid="237" ordinal="1" sl="237" sc="1" el="237" ec="2" bec="0" bev="0" fileid="9" />
                <SequencePoint vc="0" uspid="238" ordinal="2" sl="238" sc="1" el="238" ec="2" bec="2" bev="0" fileid="9" />
                <SequencePoint vc="0" uspid="239" ordinal="3" sl="239" sc="1" el="239" ec="2" bec="0" bev="0" fileid="9" />
                <SequencePoint vc="0" uspid="241" ordinal="4" sl="241" sc="1" el="241" ec="2" bec="0" bev="0" fileid="9" />
                <SequencePoint vc="0" uspid="242" ordinal="5" sl="242" sc="1" el="242" ec="2" bec="0" bev="0" fileid="9" />
                <SequencePoint vc="0" uspid="243" ordinal="6" sl="243" sc="1" el="243" ec="2" bec="2" bev="0" fileid="9" />
                <SequencePoint vc="0" uspid="244" ordinal="7" sl="244" sc="1" el="244" ec="2" bec="0" bev="0" fileid="9" />
                <SequencePoint vc="0" uspid="245" ordinal="8" sl="245" sc="1" el="245" ec="2" bec="0" bev="0" fileid="9" />
                <SequencePoint vc="0" uspid="246" ordinal="9" sl="246" sc="1" el="246" ec="2" bec="2" bev="0" fileid="9" />
                <SequencePoint vc="0" uspid="247" ordinal="10" sl="247" sc="1" el="247" ec="2" bec="0" bev="0" fileid="9" />
                <SequencePoint vc="0" uspid="248" ordinal="11" sl="248" sc="1" el="248" ec="2" bec="2" bev="0" fileid="9" />
                <SequencePoint vc="0" uspid="249" ordinal="12" sl="249" sc="1" el="249" ec="2" bec="0" bev="0" fileid="9" />
                <SequencePoint vc="0" uspid="250" ordinal="13" sl="250" sc="1" el="250" ec="2" bec="0" bev="0" fileid="9" />
                <SequencePoint vc="0" uspid="251" ordinal="14" sl="251" sc="1" el="251" ec="2" bec="0" bev="0" fileid="9" />
                <SequencePoint vc="0" uspid="252" ordinal="15" sl="252" sc="1" el="252" ec="2" bec="0" bev="0" fileid="9" />
                <SequencePoint vc="0" uspid="254" ordinal="16" sl="254" sc="1" el="254" ec="2" bec="0" bev="0" fileid="9" />
                <SequencePoint vc="0" uspid="255" ordinal="17" sl="255" sc="1" el="255" ec="2" bec="2" bev="0" fileid="9" />
                <SequencePoint vc="0" uspid="256" ordinal="18" sl="256" sc="1" el="256" ec="2" bec="0" bev="0" fileid="9" />
                <SequencePoint vc="0" uspid="257" ordinal="19" sl="257" sc="1" el="257" ec="2" bec="0" bev="0" fileid="9" />
                <SequencePoint vc="0" uspid="258" ordinal="20" sl="258" sc="1" el="258" ec="2" bec="0" bev="0" fileid="9" />
                <SequencePoint vc="0" uspid="259" ordinal="21" sl="259" sc="1" el="259" ec="2" bec="0" bev="0" fileid="9" />
                <SequencePoint vc="0" uspid="260" ordinal="22" sl="260" sc="1" el="260" ec="2" bec="0" bev="0" fileid="9" />
                <SequencePoint vc="0" uspid="261" ordinal="23" sl="261" sc="1" el="261" ec="2" bec="0" bev="0" fileid="9" />
                <SequencePoint vc="0" uspid="262" ordinal="24" sl="262" sc="1" el="262" ec="2" bec="0" bev="0" fileid="9" />
                <SequencePoint vc="0" uspid="264" ordinal="25" sl="264" sc="1" el="264" ec="2" bec="0" bev="0" fileid="9" />
                <SequencePoint vc="0" uspid="265" ordinal="26" sl="265" sc="1" el="265" ec="2" bec="0" bev="0" fileid="9" />
                <SequencePoint vc="0" uspid="266" ordinal="27" sl="266" sc="1" el="266" ec="2" bec="0" bev="0" fileid="9" />
                <SequencePoint vc="0" uspid="267" ordinal="28" sl="267" sc="1" el="267" ec="2" bec="0" bev="0" fileid="9" />
              </SequencePoints>
              <BranchPoints>
                <BranchPoint vc="0" uspid="238" ordinal="0" path="0" offset="23" offsetend="28" sl="238" fileid="9" />
                <BranchPoint vc="0" uspid="243" ordinal="9" path="1" offset="203" offsetend="55" sl="243" fileid="9" />
                <BranchPoint vc="0" uspid="246" ordinal="5" path="1" offset="137" offsetend="84" sl="246" fileid="9" />
                <BranchPoint vc="0" uspid="248" ordinal="2" path="0" offset="112" offsetend="114" sl="248" fileid="9" />
                <BranchPoint vc="0" uspid="248" ordinal="3" path="1" offset="112" offsetend="129" sl="248" fileid="9" />
                <BranchPoint vc="0" uspid="246" ordinal="4" path="0" offset="137" offsetend="139" sl="246" fileid="9" />
                <BranchPoint vc="0" uspid="255" ordinal="6" path="0" offset="162" offsetend="164" sl="255" fileid="9" />
                <BranchPoint vc="0" uspid="255" ordinal="7" path="1" offset="162" offsetend="195" sl="255" fileid="9" />
                <BranchPoint vc="0" uspid="243" ordinal="8" path="0" offset="203" offsetend="208" sl="243" fileid="9" />
                <BranchPoint vc="0" uspid="238" ordinal="1" path="1" offset="23" offsetend="234" sl="238" fileid="9" />
              </BranchPoints>
              <MethodPoint vc="0" uspid="0" p8:type="SequencePoint" ordinal="4" offset="4" sc="0" sl="236" ec="1" el="267" bec="0" bev="0" fileid="9" xmlns:p8="xsi" />
            </Method>
            <Method cyclomaticComplexity="1" nPathComplexity="1" sequenceCoverage="0" branchCoverage="100" isConstructor="False" isGetter="False" isSetter="False" isStatic="True">
              <Summary numSequencePoints="4" visitedSequencePoints="0" numBranchPoints="0" visitedBranchPoints="0" sequenceCoverage="0" branchCoverage="100" maxCyclomaticComplexity="1" minCyclomaticComplexity="1" visitedClasses="0" numClasses="0" visitedMethods="0" numMethods="1" />
              <MetadataToken />
              <Name>System.Void DKSKMaui.Components.Pages.AccountsReceivable.AccountsReceivable::OnCompanyNameChanged(System.Object)</Name>
              <FileRef uid="9" />
              <SequencePoints>
                <SequencePoint vc="0" uspid="269" ordinal="0" sl="269" sc="1" el="269" ec="2" bec="0" bev="0" fileid="9" />
                <SequencePoint vc="0" uspid="270" ordinal="1" sl="270" sc="1" el="270" ec="2" bec="0" bev="0" fileid="9" />
                <SequencePoint vc="0" uspid="272" ordinal="2" sl="272" sc="1" el="272" ec="2" bec="0" bev="0" fileid="9" />
                <SequencePoint vc="0" uspid="273" ordinal="3" sl="273" sc="1" el="273" ec="2" bec="0" bev="0" fileid="9" />
              </SequencePoints>
              <BranchPoints />
              <MethodPoint vc="0" uspid="0" p8:type="SequencePoint" ordinal="5" offset="5" sc="0" sl="269" ec="1" el="273" bec="0" bev="0" fileid="9" xmlns:p8="xsi" />
            </Method>
            <Method cyclomaticComplexity="2" nPathComplexity="2" sequenceCoverage="0" branchCoverage="0" isConstructor="False" isGetter="False" isSetter="False" isStatic="True">
              <Summary numSequencePoints="10" visitedSequencePoints="0" numBranchPoints="2" visitedBranchPoints="0" sequenceCoverage="0" branchCoverage="0" maxCyclomaticComplexity="2" minCyclomaticComplexity="2" visitedClasses="0" numClasses="0" visitedMethods="0" numMethods="1" />
              <MetadataToken />
              <Name>System.Void DKSKMaui.Components.Pages.AccountsReceivable.AccountsReceivable::OnFilter()</Name>
              <FileRef uid="9" />
              <SequencePoints>
                <SequencePoint vc="0" uspid="275" ordinal="0" sl="275" sc="1" el="275" ec="2" bec="0" bev="0" fileid="9" />
                <SequencePoint vc="0" uspid="277" ordinal="1" sl="277" sc="1" el="277" ec="2" bec="2" bev="0" fileid="9" />
                <SequencePoint vc="0" uspid="278" ordinal="2" sl="278" sc="1" el="278" ec="2" bec="0" bev="0" fileid="9" />
                <SequencePoint vc="0" uspid="279" ordinal="3" sl="279" sc="1" el="279" ec="2" bec="0" bev="0" fileid="9" />
                <SequencePoint vc="0" uspid="280" ordinal="4" sl="280" sc="1" el="280" ec="2" bec="0" bev="0" fileid="9" />
                <SequencePoint vc="0" uspid="282" ordinal="5" sl="282" sc="1" el="282" ec="2" bec="0" bev="0" fileid="9" />
                <SequencePoint vc="0" uspid="283" ordinal="6" sl="283" sc="1" el="283" ec="2" bec="0" bev="0" fileid="9" />
                <SequencePoint vc="0" uspid="285" ordinal="7" sl="285" sc="1" el="285" ec="2" bec="0" bev="0" fileid="9" />
                <SequencePoint vc="0" uspid="287" ordinal="8" sl="287" sc="1" el="287" ec="2" bec="0" bev="0" fileid="9" />
                <SequencePoint vc="0" uspid="288" ordinal="9" sl="288" sc="1" el="288" ec="2" bec="0" bev="0" fileid="9" />
              </SequencePoints>
              <BranchPoints>
                <BranchPoint vc="0" uspid="277" ordinal="0" path="0" offset="19" offsetend="21" sl="277" fileid="9" />
                <BranchPoint vc="0" uspid="277" ordinal="1" path="1" offset="19" offsetend="37" sl="277" fileid="9" />
              </BranchPoints>
              <MethodPoint vc="0" uspid="0" p8:type="SequencePoint" ordinal="6" offset="6" sc="0" sl="275" ec="1" el="288" bec="0" bev="0" fileid="9" xmlns:p8="xsi" />
            </Method>
            <Method cyclomaticComplexity="4" nPathComplexity="4" sequenceCoverage="0" branchCoverage="0" isConstructor="False" isGetter="False" isSetter="False" isStatic="True">
              <Summary numSequencePoints="13" visitedSequencePoints="0" numBranchPoints="4" visitedBranchPoints="0" sequenceCoverage="0" branchCoverage="0" maxCyclomaticComplexity="4" minCyclomaticComplexity="4" visitedClasses="0" numClasses="0" visitedMethods="0" numMethods="1" />
              <MetadataToken />
              <Name>System.Void DKSKMaui.Components.Pages.AccountsReceivable.AccountsReceivable::OnCheckboxChanged(DKSKMaui.Backend.Models.Invoice,System.Object)</Name>
              <FileRef uid="9" />
              <SequencePoints>
                <SequencePoint vc="0" uspid="291" ordinal="0" sl="291" sc="1" el="291" ec="2" bec="0" bev="0" fileid="9" />
                <SequencePoint vc="0" uspid="292" ordinal="1" sl="292" sc="1" el="292" ec="2" bec="0" bev="0" fileid="9" />
                <SequencePoint vc="0" uspid="293" ordinal="2" sl="293" sc="1" el="293" ec="2" bec="2" bev="0" fileid="9" />
                <SequencePoint vc="0" uspid="294" ordinal="3" sl="294" sc="1" el="294" ec="2" bec="0" bev="0" fileid="9" />
                <SequencePoint vc="0" uspid="295" ordinal="4" sl="295" sc="1" el="295" ec="2" bec="2" bev="0" fileid="9" />
                <SequencePoint vc="0" uspid="296" ordinal="5" sl="296" sc="1" el="296" ec="2" bec="0" bev="0" fileid="9" />
                <SequencePoint vc="0" uspid="297" ordinal="6" sl="297" sc="1" el="297" ec="2" bec="0" bev="0" fileid="9" />
                <SequencePoint vc="0" uspid="298" ordinal="7" sl="298" sc="1" el="298" ec="2" bec="0" bev="0" fileid="9" />
                <SequencePoint vc="0" uspid="299" ordinal="8" sl="299" sc="1" el="299" ec="2" bec="0" bev="0" fileid="9" />
                <SequencePoint vc="0" uspid="301" ordinal="9" sl="301" sc="1" el="301" ec="2" bec="0" bev="0" fileid="9" />
                <SequencePoint vc="0" uspid="302" ordinal="10" sl="302" sc="1" el="302" ec="2" bec="0" bev="0" fileid="9" />
                <SequencePoint vc="0" uspid="303" ordinal="11" sl="303" sc="1" el="303" ec="2" bec="0" bev="0" fileid="9" />
                <SequencePoint vc="0" uspid="304" ordinal="12" sl="304" sc="1" el="304" ec="2" bec="0" bev="0" fileid="9" />
              </SequencePoints>
              <BranchPoints>
                <BranchPoint vc="0" uspid="293" ordinal="0" path="0" offset="11" offsetend="13" sl="293" fileid="9" />
                <BranchPoint vc="0" uspid="295" ordinal="2" path="0" offset="31" offsetend="33" sl="295" fileid="9" />
                <BranchPoint vc="0" uspid="295" ordinal="3" path="1" offset="31" offsetend="48" sl="295" fileid="9" />
                <BranchPoint vc="0" uspid="293" ordinal="1" path="1" offset="11" offsetend="51" sl="293" fileid="9" />
              </BranchPoints>
              <MethodPoint vc="0" uspid="0" p8:type="SequencePoint" ordinal="7" offset="7" sc="0" sl="291" ec="1" el="304" bec="0" bev="0" fileid="9" xmlns:p8="xsi" />
            </Method>
            <Method cyclomaticComplexity="1" nPathComplexity="1" sequenceCoverage="100" branchCoverage="100" isConstructor="True" isGetter="False" isSetter="False" isStatic="True">
              <Summary numSequencePoints="13" visitedSequencePoints="13" numBranchPoints="0" visitedBranchPoints="0" sequenceCoverage="100" branchCoverage="100" maxCyclomaticComplexity="1" minCyclomaticComplexity="1" visitedClasses="0" numClasses="0" visitedMethods="1" numMethods="1" />
              <MetadataToken />
              <Name>System.Void DKSKMaui.Components.Pages.AccountsReceivable.AccountsReceivable::.ctor()</Name>
              <FileRef uid="9" />
              <SequencePoints>
                <SequencePoint vc="3" uspid="106" ordinal="0" sl="106" sc="1" el="106" ec="2" bec="0" bev="0" fileid="9" />
                <SequencePoint vc="3" uspid="107" ordinal="1" sl="107" sc="1" el="107" ec="2" bec="0" bev="0" fileid="9" />
                <SequencePoint vc="3" uspid="108" ordinal="2" sl="108" sc="1" el="108" ec="2" bec="0" bev="0" fileid="9" />
                <SequencePoint vc="3" uspid="109" ordinal="3" sl="109" sc="1" el="109" ec="2" bec="0" bev="0" fileid="9" />
                <SequencePoint vc="3" uspid="110" ordinal="4" sl="110" sc="1" el="110" ec="2" bec="0" bev="0" fileid="9" />
                <SequencePoint vc="3" uspid="111" ordinal="5" sl="111" sc="1" el="111" ec="2" bec="0" bev="0" fileid="9" />
                <SequencePoint vc="3" uspid="113" ordinal="6" sl="113" sc="1" el="113" ec="2" bec="0" bev="0" fileid="9" />
                <SequencePoint vc="3" uspid="114" ordinal="7" sl="114" sc="1" el="114" ec="2" bec="0" bev="0" fileid="9" />
                <SequencePoint vc="3" uspid="116" ordinal="8" sl="116" sc="1" el="116" ec="2" bec="0" bev="0" fileid="9" />
                <SequencePoint vc="3" uspid="118" ordinal="9" sl="118" sc="1" el="118" ec="2" bec="0" bev="0" fileid="9" />
                <SequencePoint vc="3" uspid="119" ordinal="10" sl="119" sc="1" el="119" ec="2" bec="0" bev="0" fileid="9" />
                <SequencePoint vc="3" uspid="120" ordinal="11" sl="120" sc="1" el="120" ec="2" bec="0" bev="0" fileid="9" />
                <SequencePoint vc="3" uspid="157" ordinal="12" sl="157" sc="1" el="157" ec="2" bec="0" bev="0" fileid="9" />
              </SequencePoints>
              <BranchPoints />
              <MethodPoint vc="13" uspid="0" p8:type="SequencePoint" ordinal="8" offset="8" sc="0" sl="106" ec="1" el="157" bec="0" bev="0" fileid="9" xmlns:p8="xsi" />
            </Method>
          </Methods>
        </Class>
        <Class>
          <Summary numSequencePoints="27" visitedSequencePoints="0" numBranchPoints="8" visitedBranchPoints="0" sequenceCoverage="0" branchCoverage="0" maxCyclomaticComplexity="6" minCyclomaticComplexity="1" visitedClasses="0" numClasses="1" visitedMethods="0" numMethods="4" />
          <FullName>DKSKMaui.Components.Pages.Test.TestPage</FullName>
          <Methods>
            <Method cyclomaticComplexity="2" nPathComplexity="2" sequenceCoverage="0" branchCoverage="0" isConstructor="False" isGetter="False" isSetter="False" isStatic="True">
              <Summary numSequencePoints="12" visitedSequencePoints="0" numBranchPoints="2" visitedBranchPoints="0" sequenceCoverage="0" branchCoverage="0" maxCyclomaticComplexity="2" minCyclomaticComplexity="2" visitedClasses="0" numClasses="0" visitedMethods="0" numMethods="1" />
              <MetadataToken />
              <Name>System.Void DKSKMaui.Components.Pages.Test.TestPage::AddLog(System.String,System.String)</Name>
              <FileRef uid="10" />
              <SequencePoints>
                <SequencePoint vc="0" uspid="138" ordinal="0" sl="138" sc="1" el="138" ec="2" bec="0" bev="0" fileid="10" />
                <SequencePoint vc="0" uspid="139" ordinal="1" sl="139" sc="1" el="139" ec="2" bec="0" bev="0" fileid="10" />
                <SequencePoint vc="0" uspid="140" ordinal="2" sl="140" sc="1" el="140" ec="2" bec="0" bev="0" fileid="10" />
                <SequencePoint vc="0" uspid="141" ordinal="3" sl="141" sc="1" el="141" ec="2" bec="0" bev="0" fileid="10" />
                <SequencePoint vc="0" uspid="142" ordinal="4" sl="142" sc="1" el="142" ec="2" bec="0" bev="0" fileid="10" />
                <SequencePoint vc="0" uspid="143" ordinal="5" sl="143" sc="1" el="143" ec="2" bec="0" bev="0" fileid="10" />
                <SequencePoint vc="0" uspid="144" ordinal="6" sl="144" sc="1" el="144" ec="2" bec="0" bev="0" fileid="10" />
                <SequencePoint vc="0" uspid="147" ordinal="7" sl="147" sc="1" el="147" ec="2" bec="2" bev="0" fileid="10" />
                <SequencePoint vc="0" uspid="148" ordinal="8" sl="148" sc="1" el="148" ec="2" bec="0" bev="0" fileid="10" />
                <SequencePoint vc="0" uspid="149" ordinal="9" sl="149" sc="1" el="149" ec="2" bec="0" bev="0" fileid="10" />
                <SequencePoint vc="0" uspid="150" ordinal="10" sl="150" sc="1" el="150" ec="2" bec="0" bev="0" fileid="10" />
                <SequencePoint vc="0" uspid="151" ordinal="11" sl="151" sc="1" el="151" ec="2" bec="0" bev="0" fileid="10" />
              </SequencePoints>
              <BranchPoints>
                <BranchPoint vc="0" uspid="147" ordinal="0" path="0" offset="64" offsetend="66" sl="147" fileid="10" />
                <BranchPoint vc="0" uspid="147" ordinal="1" path="1" offset="64" offsetend="92" sl="147" fileid="10" />
              </BranchPoints>
              <MethodPoint vc="0" uspid="0" p8:type="SequencePoint" ordinal="0" offset="0" sc="0" sl="138" ec="1" el="151" bec="0" bev="0" fileid="10" xmlns:p8="xsi" />
            </Method>
            <Method cyclomaticComplexity="1" nPathComplexity="1" sequenceCoverage="0" branchCoverage="100" isConstructor="False" isGetter="False" isSetter="False" isStatic="True">
              <Summary numSequencePoints="4" visitedSequencePoints="0" numBranchPoints="0" visitedBranchPoints="0" sequenceCoverage="0" branchCoverage="100" maxCyclomaticComplexity="1" minCyclomaticComplexity="1" visitedClasses="0" numClasses="0" visitedMethods="0" numMethods="1" />
              <MetadataToken />
              <Name>System.Void DKSKMaui.Components.Pages.Test.TestPage::ClearLog()</Name>
              <FileRef uid="10" />
              <SequencePoints>
                <SequencePoint vc="0" uspid="154" ordinal="0" sl="154" sc="1" el="154" ec="2" bec="0" bev="0" fileid="10" />
                <SequencePoint vc="0" uspid="155" ordinal="1" sl="155" sc="1" el="155" ec="2" bec="0" bev="0" fileid="10" />
                <SequencePoint vc="0" uspid="156" ordinal="2" sl="156" sc="1" el="156" ec="2" bec="0" bev="0" fileid="10" />
                <SequencePoint vc="0" uspid="157" ordinal="3" sl="157" sc="1" el="157" ec="2" bec="0" bev="0" fileid="10" />
              </SequencePoints>
              <BranchPoints />
              <MethodPoint vc="0" uspid="0" p8:type="SequencePoint" ordinal="1" offset="1" sc="0" sl="154" ec="1" el="157" bec="0" bev="0" fileid="10" xmlns:p8="xsi" />
            </Method>
            <Method cyclomaticComplexity="6" nPathComplexity="6" sequenceCoverage="0" branchCoverage="0" isConstructor="False" isGetter="False" isSetter="False" isStatic="True">
              <Summary numSequencePoints="7" visitedSequencePoints="0" numBranchPoints="6" visitedBranchPoints="0" sequenceCoverage="0" branchCoverage="0" maxCyclomaticComplexity="6" minCyclomaticComplexity="6" visitedClasses="0" numClasses="0" visitedMethods="0" numMethods="1" />
              <MetadataToken />
              <Name>System.String DKSKMaui.Components.Pages.Test.TestPage::GetLogBadgeClass(System.String)</Name>
              <FileRef uid="10" />
              <SequencePoints>
                <SequencePoint vc="0" uspid="159" ordinal="0" sl="159" sc="1" el="159" ec="2" bec="6" bev="0" fileid="10" />
                <SequencePoint vc="0" uspid="160" ordinal="1" sl="160" sc="1" el="160" ec="2" bec="0" bev="0" fileid="10" />
                <SequencePoint vc="0" uspid="161" ordinal="2" sl="161" sc="1" el="161" ec="2" bec="0" bev="0" fileid="10" />
                <SequencePoint vc="0" uspid="162" ordinal="3" sl="162" sc="1" el="162" ec="2" bec="0" bev="0" fileid="10" />
                <SequencePoint vc="0" uspid="163" ordinal="4" sl="163" sc="1" el="163" ec="2" bec="0" bev="0" fileid="10" />
                <SequencePoint vc="0" uspid="164" ordinal="5" sl="164" sc="1" el="164" ec="2" bec="0" bev="0" fileid="10" />
                <SequencePoint vc="0" uspid="165" ordinal="6" sl="165" sc="1" el="165" ec="2" bec="0" bev="0" fileid="10" />
              </SequencePoints>
              <BranchPoints>
                <BranchPoint vc="0" uspid="159" ordinal="0" path="0" offset="15" offsetend="17" sl="159" fileid="10" />
                <BranchPoint vc="0" uspid="159" ordinal="2" path="0" offset="28" offsetend="30" sl="159" fileid="10" />
                <BranchPoint vc="0" uspid="159" ordinal="1" path="1" offset="15" offsetend="45" sl="159" fileid="10" />
                <BranchPoint vc="0" uspid="159" ordinal="3" path="1" offset="28" offsetend="53" sl="159" fileid="10" />
                <BranchPoint vc="0" uspid="159" ordinal="5" path="1" offset="41" offsetend="61" sl="159" fileid="10" />
                <BranchPoint vc="0" uspid="159" ordinal="4" path="0" offset="41" offsetend="69" sl="159" fileid="10" />
              </BranchPoints>
              <MethodPoint vc="0" uspid="0" p8:type="SequencePoint" ordinal="2" offset="2" sc="0" sl="159" ec="1" el="165" bec="0" bev="0" fileid="10" xmlns:p8="xsi" />
            </Method>
            <Method cyclomaticComplexity="1" nPathComplexity="1" sequenceCoverage="0" branchCoverage="100" isConstructor="True" isGetter="False" isSetter="False" isStatic="True">
              <Summary numSequencePoints="4" visitedSequencePoints="0" numBranchPoints="0" visitedBranchPoints="0" sequenceCoverage="0" branchCoverage="100" maxCyclomaticComplexity="1" minCyclomaticComplexity="1" visitedClasses="0" numClasses="0" visitedMethods="0" numMethods="1" />
              <MetadataToken />
              <Name>System.Void DKSKMaui.Components.Pages.Test.TestPage::.ctor()</Name>
              <FileRef uid="10" />
              <SequencePoints>
                <SequencePoint vc="0" uspid="76" ordinal="0" sl="76" sc="1" el="76" ec="2" bec="0" bev="0" fileid="10" />
                <SequencePoint vc="0" uspid="77" ordinal="1" sl="77" sc="1" el="77" ec="2" bec="0" bev="0" fileid="10" />
                <SequencePoint vc="0" uspid="78" ordinal="2" sl="78" sc="1" el="78" ec="2" bec="0" bev="0" fileid="10" />
                <SequencePoint vc="0" uspid="79" ordinal="3" sl="79" sc="1" el="79" ec="2" bec="0" bev="0" fileid="10" />
              </SequencePoints>
              <BranchPoints />
              <MethodPoint vc="0" uspid="0" p8:type="SequencePoint" ordinal="3" offset="3" sc="0" sl="76" ec="1" el="79" bec="0" bev="0" fileid="10" xmlns:p8="xsi" />
            </Method>
          </Methods>
        </Class>
        <Class>
          <Summary numSequencePoints="77" visitedSequencePoints="0" numBranchPoints="22" visitedBranchPoints="0" sequenceCoverage="0" branchCoverage="0" maxCyclomaticComplexity="14" minCyclomaticComplexity="1" visitedClasses="0" numClasses="1" visitedMethods="0" numMethods="7" />
          <FullName>DKSKMaui.Components.Pages.Startjob.Startjob</FullName>
          <Methods>
            <Method cyclomaticComplexity="2" nPathComplexity="2" sequenceCoverage="0" branchCoverage="0" isConstructor="False" isGetter="False" isSetter="False" isStatic="True">
              <Summary numSequencePoints="3" visitedSequencePoints="0" numBranchPoints="2" visitedBranchPoints="0" sequenceCoverage="0" branchCoverage="0" maxCyclomaticComplexity="2" minCyclomaticComplexity="2" visitedClasses="0" numClasses="0" visitedMethods="0" numMethods="1" />
              <MetadataToken />
              <Name>System.Void DKSKMaui.Components.Pages.Startjob.Startjob::BuildRenderTree(Microsoft.AspNetCore.Components.Rendering.RenderTreeBuilder)</Name>
              <FileRef uid="11" />
              <SequencePoints>
                <SequencePoint vc="0" uspid="119" ordinal="0" sl="119" sc="1" el="119" ec="2" bec="2" bev="0" fileid="11" />
                <SequencePoint vc="0" uspid="120" ordinal="1" sl="120" sc="1" el="120" ec="2" bec="0" bev="0" fileid="11" />
                <SequencePoint vc="0" uspid="132" ordinal="2" sl="132" sc="1" el="132" ec="2" bec="0" bev="0" fileid="11" />
              </SequencePoints>
              <BranchPoints>
                <BranchPoint vc="0" uspid="119" ordinal="1" path="1" offset="2548" offsetend="2029" sl="119" fileid="11" />
                <BranchPoint vc="0" uspid="119" ordinal="0" path="0" offset="2548" offsetend="2553" sl="119" fileid="11" />
              </BranchPoints>
              <MethodPoint vc="0" uspid="0" p8:type="SequencePoint" ordinal="0" offset="0" sc="0" sl="119" ec="1" el="132" bec="0" bev="0" fileid="11" xmlns:p8="xsi" />
            </Method>
            <Method cyclomaticComplexity="1" nPathComplexity="1" sequenceCoverage="0" branchCoverage="100" isConstructor="False" isGetter="False" isSetter="False" isStatic="True">
              <Summary numSequencePoints="3" visitedSequencePoints="0" numBranchPoints="0" visitedBranchPoints="0" sequenceCoverage="0" branchCoverage="100" maxCyclomaticComplexity="1" minCyclomaticComplexity="1" visitedClasses="0" numClasses="0" visitedMethods="0" numMethods="1" />
              <MetadataToken />
              <Name>System.Void DKSKMaui.Components.Pages.Startjob.Startjob::OnInitialized()</Name>
              <FileRef uid="11" />
              <SequencePoints>
                <SequencePoint vc="0" uspid="174" ordinal="0" sl="174" sc="1" el="174" ec="2" bec="0" bev="0" fileid="11" />
                <SequencePoint vc="0" uspid="176" ordinal="1" sl="176" sc="1" el="176" ec="2" bec="0" bev="0" fileid="11" />
                <SequencePoint vc="0" uspid="178" ordinal="2" sl="178" sc="1" el="178" ec="2" bec="0" bev="0" fileid="11" />
              </SequencePoints>
              <BranchPoints />
              <MethodPoint vc="0" uspid="0" p8:type="SequencePoint" ordinal="1" offset="1" sc="0" sl="174" ec="1" el="178" bec="0" bev="0" fileid="11" xmlns:p8="xsi" />
            </Method>
            <Method cyclomaticComplexity="14" nPathComplexity="14" sequenceCoverage="0" branchCoverage="0" isConstructor="False" isGetter="False" isSetter="False" isStatic="True">
              <Summary numSequencePoints="28" visitedSequencePoints="0" numBranchPoints="14" visitedBranchPoints="0" sequenceCoverage="0" branchCoverage="0" maxCyclomaticComplexity="14" minCyclomaticComplexity="14" visitedClasses="0" numClasses="0" visitedMethods="0" numMethods="1" />
              <MetadataToken />
              <Name>System.Void DKSKMaui.Components.Pages.Startjob.Startjob::HandleCompany(System.String)</Name>
              <FileRef uid="11" />
              <SequencePoints>
                <SequencePoint vc="0" uspid="219" ordinal="0" sl="219" sc="1" el="219" ec="2" bec="0" bev="0" fileid="11" />
                <SequencePoint vc="0" uspid="220" ordinal="1" sl="220" sc="1" el="220" ec="2" bec="0" bev="0" fileid="11" />
                <SequencePoint vc="0" uspid="221" ordinal="2" sl="221" sc="1" el="221" ec="2" bec="0" bev="0" fileid="11" />
                <SequencePoint vc="0" uspid="222" ordinal="3" sl="222" sc="1" el="222" ec="2" bec="0" bev="0" fileid="11" />
                <SequencePoint vc="0" uspid="223" ordinal="4" sl="223" sc="1" el="223" ec="2" bec="2" bev="0" fileid="11" />
                <SequencePoint vc="0" uspid="224" ordinal="5" sl="224" sc="1" el="224" ec="2" bec="0" bev="0" fileid="11" />
                <SequencePoint vc="0" uspid="225" ordinal="6" sl="225" sc="1" el="225" ec="2" bec="2" bev="0" fileid="11" />
                <SequencePoint vc="0" uspid="226" ordinal="7" sl="226" sc="1" el="226" ec="2" bec="0" bev="0" fileid="11" />
                <SequencePoint vc="0" uspid="227" ordinal="8" sl="227" sc="1" el="227" ec="2" bec="0" bev="0" fileid="11" />
                <SequencePoint vc="0" uspid="228" ordinal="9" sl="228" sc="1" el="228" ec="2" bec="0" bev="0" fileid="11" />
                <SequencePoint vc="0" uspid="230" ordinal="10" sl="230" sc="1" el="230" ec="2" bec="0" bev="0" fileid="11" />
                <SequencePoint vc="0" uspid="231" ordinal="11" sl="231" sc="1" el="231" ec="2" bec="2" bev="0" fileid="11" />
                <SequencePoint vc="0" uspid="232" ordinal="12" sl="232" sc="1" el="232" ec="2" bec="0" bev="0" fileid="11" />
                <SequencePoint vc="0" uspid="233" ordinal="13" sl="233" sc="1" el="233" ec="2" bec="0" bev="0" fileid="11" />
                <SequencePoint vc="0" uspid="234" ordinal="14" sl="234" sc="1" el="234" ec="2" bec="2" bev="0" fileid="11" />
                <SequencePoint vc="0" uspid="235" ordinal="15" sl="235" sc="1" el="235" ec="2" bec="0" bev="0" fileid="11" />
                <SequencePoint vc="0" uspid="236" ordinal="16" sl="236" sc="1" el="236" ec="2" bec="2" bev="0" fileid="11" />
                <SequencePoint vc="0" uspid="237" ordinal="17" sl="237" sc="1" el="237" ec="2" bec="0" bev="0" fileid="11" />
                <SequencePoint vc="0" uspid="238" ordinal="18" sl="238" sc="1" el="238" ec="2" bec="2" bev="0" fileid="11" />
                <SequencePoint vc="0" uspid="239" ordinal="19" sl="239" sc="1" el="239" ec="2" bec="0" bev="0" fileid="11" />
                <SequencePoint vc="0" uspid="240" ordinal="20" sl="240" sc="1" el="240" ec="2" bec="0" bev="0" fileid="11" />
                <SequencePoint vc="0" uspid="241" ordinal="21" sl="241" sc="1" el="241" ec="2" bec="0" bev="0" fileid="11" />
                <SequencePoint vc="0" uspid="242" ordinal="22" sl="242" sc="1" el="242" ec="2" bec="2" bev="0" fileid="11" />
                <SequencePoint vc="0" uspid="243" ordinal="23" sl="243" sc="1" el="243" ec="2" bec="0" bev="0" fileid="11" />
                <SequencePoint vc="0" uspid="244" ordinal="24" sl="244" sc="1" el="244" ec="2" bec="0" bev="0" fileid="11" />
                <SequencePoint vc="0" uspid="245" ordinal="25" sl="245" sc="1" el="245" ec="2" bec="0" bev="0" fileid="11" />
                <SequencePoint vc="0" uspid="246" ordinal="26" sl="246" sc="1" el="246" ec="2" bec="0" bev="0" fileid="11" />
                <SequencePoint vc="0" uspid="247" ordinal="27" sl="247" sc="1" el="247" ec="2" bec="0" bev="0" fileid="11" />
              </SequencePoints>
              <BranchPoints>
                <BranchPoint vc="0" uspid="223" ordinal="3" path="1" offset="92" offsetend="20" sl="223" fileid="11" />
                <BranchPoint vc="0" uspid="225" ordinal="0" path="0" offset="51" offsetend="53" sl="225" fileid="11" />
                <BranchPoint vc="0" uspid="225" ordinal="1" path="1" offset="51" offsetend="69" sl="225" fileid="11" />
                <BranchPoint vc="0" uspid="223" ordinal="2" path="0" offset="92" offsetend="94" sl="223" fileid="11" />
                <BranchPoint vc="0" uspid="231" ordinal="4" path="0" offset="102" offsetend="107" sl="231" fileid="11" />
                <BranchPoint vc="0" uspid="234" ordinal="11" path="1" offset="244" offsetend="136" sl="234" fileid="11" />
                <BranchPoint vc="0" uspid="236" ordinal="9" path="1" offset="217" offsetend="163" sl="236" fileid="11" />
                <BranchPoint vc="0" uspid="238" ordinal="6" path="0" offset="193" offsetend="195" sl="238" fileid="11" />
                <BranchPoint vc="0" uspid="238" ordinal="7" path="1" offset="193" offsetend="209" sl="238" fileid="11" />
                <BranchPoint vc="0" uspid="236" ordinal="8" path="0" offset="217" offsetend="219" sl="236" fileid="11" />
                <BranchPoint vc="0" uspid="234" ordinal="10" path="0" offset="244" offsetend="246" sl="234" fileid="11" />
                <BranchPoint vc="0" uspid="242" ordinal="13" path="1" offset="337" offsetend="280" sl="242" fileid="11" />
                <BranchPoint vc="0" uspid="242" ordinal="12" path="0" offset="337" offsetend="339" sl="242" fileid="11" />
                <BranchPoint vc="0" uspid="231" ordinal="5" path="1" offset="102" offsetend="340" sl="231" fileid="11" />
              </BranchPoints>
              <MethodPoint vc="0" uspid="0" p8:type="SequencePoint" ordinal="2" offset="2" sc="0" sl="219" ec="1" el="247" bec="0" bev="0" fileid="11" xmlns:p8="xsi" />
            </Method>
            <Method cyclomaticComplexity="6" nPathComplexity="6" sequenceCoverage="0" branchCoverage="0" isConstructor="False" isGetter="False" isSetter="False" isStatic="True">
              <Summary numSequencePoints="18" visitedSequencePoints="0" numBranchPoints="6" visitedBranchPoints="0" sequenceCoverage="0" branchCoverage="0" maxCyclomaticComplexity="6" minCyclomaticComplexity="6" visitedClasses="0" numClasses="0" visitedMethods="0" numMethods="1" />
              <MetadataToken />
              <Name>System.Void DKSKMaui.Components.Pages.Startjob.Startjob::HandleProperty(System.String)</Name>
              <FileRef uid="11" />
              <SequencePoints>
                <SequencePoint vc="0" uspid="249" ordinal="0" sl="249" sc="1" el="249" ec="2" bec="0" bev="0" fileid="11" />
                <SequencePoint vc="0" uspid="250" ordinal="1" sl="250" sc="1" el="250" ec="2" bec="0" bev="0" fileid="11" />
                <SequencePoint vc="0" uspid="251" ordinal="2" sl="251" sc="1" el="251" ec="2" bec="0" bev="0" fileid="11" />
                <SequencePoint vc="0" uspid="252" ordinal="3" sl="252" sc="1" el="252" ec="2" bec="2" bev="0" fileid="11" />
                <SequencePoint vc="0" uspid="253" ordinal="4" sl="253" sc="1" el="253" ec="2" bec="0" bev="0" fileid="11" />
                <SequencePoint vc="0" uspid="254" ordinal="5" sl="254" sc="1" el="254" ec="2" bec="2" bev="0" fileid="11" />
                <SequencePoint vc="0" uspid="255" ordinal="6" sl="255" sc="1" el="255" ec="2" bec="0" bev="0" fileid="11" />
                <SequencePoint vc="0" uspid="256" ordinal="7" sl="256" sc="1" el="256" ec="2" bec="0" bev="0" fileid="11" />
                <SequencePoint vc="0" uspid="257" ordinal="8" sl="257" sc="1" el="257" ec="2" bec="0" bev="0" fileid="11" />
                <SequencePoint vc="0" uspid="259" ordinal="9" sl="259" sc="1" el="259" ec="2" bec="0" bev="0" fileid="11" />
                <SequencePoint vc="0" uspid="260" ordinal="10" sl="260" sc="1" el="260" ec="2" bec="2" bev="0" fileid="11" />
                <SequencePoint vc="0" uspid="261" ordinal="11" sl="261" sc="1" el="261" ec="2" bec="0" bev="0" fileid="11" />
                <SequencePoint vc="0" uspid="262" ordinal="12" sl="262" sc="1" el="262" ec="2" bec="0" bev="0" fileid="11" />
                <SequencePoint vc="0" uspid="263" ordinal="13" sl="263" sc="1" el="263" ec="2" bec="0" bev="0" fileid="11" />
                <SequencePoint vc="0" uspid="264" ordinal="14" sl="264" sc="1" el="264" ec="2" bec="0" bev="0" fileid="11" />
                <SequencePoint vc="0" uspid="265" ordinal="15" sl="265" sc="1" el="265" ec="2" bec="0" bev="0" fileid="11" />
                <SequencePoint vc="0" uspid="266" ordinal="16" sl="266" sc="1" el="266" ec="2" bec="0" bev="0" fileid="11" />
                <SequencePoint vc="0" uspid="267" ordinal="17" sl="267" sc="1" el="267" ec="2" bec="0" bev="0" fileid="11" />
              </SequencePoints>
              <BranchPoints>
                <BranchPoint vc="0" uspid="252" ordinal="3" path="1" offset="73" offsetend="14" sl="252" fileid="11" />
                <BranchPoint vc="0" uspid="254" ordinal="0" path="0" offset="45" offsetend="47" sl="254" fileid="11" />
                <BranchPoint vc="0" uspid="254" ordinal="1" path="1" offset="45" offsetend="52" sl="254" fileid="11" />
                <BranchPoint vc="0" uspid="252" ordinal="2" path="0" offset="73" offsetend="75" sl="252" fileid="11" />
                <BranchPoint vc="0" uspid="260" ordinal="4" path="0" offset="86" offsetend="88" sl="260" fileid="11" />
                <BranchPoint vc="0" uspid="260" ordinal="5" path="1" offset="86" offsetend="182" sl="260" fileid="11" />
              </BranchPoints>
              <MethodPoint vc="0" uspid="0" p8:type="SequencePoint" ordinal="3" offset="3" sc="0" sl="249" ec="1" el="267" bec="0" bev="0" fileid="11" xmlns:p8="xsi" />
            </Method>
            <Method cyclomaticComplexity="1" nPathComplexity="1" sequenceCoverage="0" branchCoverage="100" isConstructor="False" isGetter="False" isSetter="False" isStatic="True">
              <Summary numSequencePoints="3" visitedSequencePoints="0" numBranchPoints="0" visitedBranchPoints="0" sequenceCoverage="0" branchCoverage="100" maxCyclomaticComplexity="1" minCyclomaticComplexity="1" visitedClasses="0" numClasses="0" visitedMethods="0" numMethods="1" />
              <MetadataToken />
              <Name>System.Void DKSKMaui.Components.Pages.Startjob.Startjob::AddAnotherOption()</Name>
              <FileRef uid="11" />
              <SequencePoints>
                <SequencePoint vc="0" uspid="352" ordinal="0" sl="352" sc="1" el="352" ec="2" bec="0" bev="0" fileid="11" />
                <SequencePoint vc="0" uspid="353" ordinal="1" sl="353" sc="1" el="353" ec="2" bec="0" bev="0" fileid="11" />
                <SequencePoint vc="0" uspid="354" ordinal="2" sl="354" sc="1" el="354" ec="2" bec="0" bev="0" fileid="11" />
              </SequencePoints>
              <BranchPoints />
              <MethodPoint vc="0" uspid="0" p8:type="SequencePoint" ordinal="4" offset="4" sc="0" sl="352" ec="1" el="354" bec="0" bev="0" fileid="11" xmlns:p8="xsi" />
            </Method>
            <Method cyclomaticComplexity="1" nPathComplexity="1" sequenceCoverage="0" branchCoverage="100" isConstructor="False" isGetter="False" isSetter="False" isStatic="True">
              <Summary numSequencePoints="3" visitedSequencePoints="0" numBranchPoints="0" visitedBranchPoints="0" sequenceCoverage="0" branchCoverage="100" maxCyclomaticComplexity="1" minCyclomaticComplexity="1" visitedClasses="0" numClasses="0" visitedMethods="0" numMethods="1" />
              <MetadataToken />
              <Name>System.Void DKSKMaui.Components.Pages.Startjob.Startjob::RemoveJob(DKSKMaui.Components.Pages.Startjob.Startjob/SelectedJob)</Name>
              <FileRef uid="11" />
              <SequencePoints>
                <SequencePoint vc="0" uspid="358" ordinal="0" sl="358" sc="1" el="358" ec="2" bec="0" bev="0" fileid="11" />
                <SequencePoint vc="0" uspid="359" ordinal="1" sl="359" sc="1" el="359" ec="2" bec="0" bev="0" fileid="11" />
                <SequencePoint vc="0" uspid="360" ordinal="2" sl="360" sc="1" el="360" ec="2" bec="0" bev="0" fileid="11" />
              </SequencePoints>
              <BranchPoints />
              <MethodPoint vc="0" uspid="0" p8:type="SequencePoint" ordinal="5" offset="5" sc="0" sl="358" ec="1" el="360" bec="0" bev="0" fileid="11" xmlns:p8="xsi" />
            </Method>
            <Method cyclomaticComplexity="1" nPathComplexity="1" sequenceCoverage="0" branchCoverage="100" isConstructor="True" isGetter="False" isSetter="False" isStatic="True">
              <Summary numSequencePoints="19" visitedSequencePoints="0" numBranchPoints="0" visitedBranchPoints="0" sequenceCoverage="0" branchCoverage="100" maxCyclomaticComplexity="1" minCyclomaticComplexity="1" visitedClasses="0" numClasses="0" visitedMethods="0" numMethods="1" />
              <MetadataToken />
              <Name>System.Void DKSKMaui.Components.Pages.Startjob.Startjob::.ctor()</Name>
              <FileRef uid="11" />
              <SequencePoints>
                <SequencePoint vc="0" uspid="153" ordinal="0" sl="153" sc="1" el="153" ec="2" bec="0" bev="0" fileid="11" />
                <SequencePoint vc="0" uspid="154" ordinal="1" sl="154" sc="1" el="154" ec="2" bec="0" bev="0" fileid="11" />
                <SequencePoint vc="0" uspid="155" ordinal="2" sl="155" sc="1" el="155" ec="2" bec="0" bev="0" fileid="11" />
[...]
              <MetadataToken />
              <Name>DKSKMaui.Backend.Models.Properties DKSKMaui.Backend.Services.CompanyService::GetPropertyInfo(DKSKMaui.Backend.Models.Invoice,System.Collections.Generic.List`1&lt;DKSKMaui.Backend.Models.Companny&gt;)</Name>
              <FileRef uid="37" />
              <SequencePoints>
                <SequencePoint vc="0" uspid="104" ordinal="0" sl="104" sc="1" el="104" ec="2" bec="0" bev="0" fileid="37" />
                <SequencePoint vc="0" uspid="105" ordinal="1" sl="105" sc="1" el="105" ec="2" bec="2" bev="0" fileid="37" />
                <SequencePoint vc="0" uspid="106" ordinal="2" sl="106" sc="1" el="106" ec="2" bec="0" bev="0" fileid="37" />
                <SequencePoint vc="0" uspid="107" ordinal="3" sl="107" sc="1" el="107" ec="2" bec="2" bev="0" fileid="37" />
                <SequencePoint vc="0" uspid="108" ordinal="4" sl="108" sc="1" el="108" ec="2" bec="0" bev="0" fileid="37" />
                <SequencePoint vc="0" uspid="109" ordinal="5" sl="109" sc="1" el="109" ec="2" bec="2" bev="0" fileid="37" />
                <SequencePoint vc="0" uspid="110" ordinal="6" sl="110" sc="1" el="110" ec="2" bec="0" bev="0" fileid="37" />
                <SequencePoint vc="0" uspid="111" ordinal="7" sl="111" sc="1" el="111" ec="2" bec="2" bev="0" fileid="37" />
                <SequencePoint vc="0" uspid="112" ordinal="8" sl="112" sc="1" el="112" ec="2" bec="0" bev="0" fileid="37" />
                <SequencePoint vc="0" uspid="113" ordinal="9" sl="113" sc="1" el="113" ec="2" bec="2" bev="0" fileid="37" />
                <SequencePoint vc="0" uspid="114" ordinal="10" sl="114" sc="1" el="114" ec="2" bec="0" bev="0" fileid="37" />
                <SequencePoint vc="0" uspid="115" ordinal="11" sl="115" sc="1" el="115" ec="2" bec="0" bev="0" fileid="37" />
                <SequencePoint vc="0" uspid="116" ordinal="12" sl="116" sc="1" el="116" ec="2" bec="0" bev="0" fileid="37" />
                <SequencePoint vc="0" uspid="117" ordinal="13" sl="117" sc="1" el="117" ec="2" bec="0" bev="0" fileid="37" />
                <SequencePoint vc="0" uspid="118" ordinal="14" sl="118" sc="1" el="118" ec="2" bec="0" bev="0" fileid="37" />
                <SequencePoint vc="0" uspid="119" ordinal="15" sl="119" sc="1" el="119" ec="2" bec="0" bev="0" fileid="37" />
              </SequencePoints>
              <BranchPoints>
                <BranchPoint vc="0" uspid="105" ordinal="9" path="1" offset="193" offsetend="14" sl="105" fileid="37" />
                <BranchPoint vc="0" uspid="107" ordinal="0" path="0" offset="42" offsetend="47" sl="107" fileid="37" />
                <BranchPoint vc="0" uspid="109" ordinal="7" path="1" offset="165" offsetend="63" sl="109" fileid="37" />
                <BranchPoint vc="0" uspid="111" ordinal="5" path="1" offset="138" offsetend="90" sl="111" fileid="37" />
                <BranchPoint vc="0" uspid="113" ordinal="2" path="0" offset="122" offsetend="124" sl="113" fileid="37" />
                <BranchPoint vc="0" uspid="113" ordinal="3" path="1" offset="122" offsetend="130" sl="113" fileid="37" />
                <BranchPoint vc="0" uspid="111" ordinal="4" path="0" offset="138" offsetend="140" sl="111" fileid="37" />
                <BranchPoint vc="0" uspid="109" ordinal="6" path="0" offset="165" offsetend="167" sl="109" fileid="37" />
                <BranchPoint vc="0" uspid="107" ordinal="1" path="1" offset="42" offsetend="185" sl="107" fileid="37" />
                <BranchPoint vc="0" uspid="105" ordinal="8" path="0" offset="193" offsetend="198" sl="105" fileid="37" />
              </BranchPoints>
              <MethodPoint vc="0" uspid="0" p8:type="SequencePoint" ordinal="2" offset="2" sc="0" sl="104" ec="1" el="119" bec="0" bev="0" fileid="37" xmlns:p8="xsi" />
            </Method>
            <Method cyclomaticComplexity="1" nPathComplexity="1" sequenceCoverage="100" branchCoverage="100" isConstructor="True" isGetter="False" isSetter="False" isStatic="True">
              <Summary numSequencePoints="5" visitedSequencePoints="5" numBranchPoints="0" visitedBranchPoints="0" sequenceCoverage="100" branchCoverage="100" maxCyclomaticComplexity="1" minCyclomaticComplexity="1" visitedClasses="0" numClasses="0" visitedMethods="1" numMethods="1" />
              <MetadataToken />
              <Name>System.Void DKSKMaui.Backend.Services.CompanyService::.ctor(DKSKMaui.Backend.Data.AppDbContext,Microsoft.Extensions.Logging.ILogger`1&lt;DKSKMaui.Backend.Services.CompanyService&gt;)</Name>
              <FileRef uid="37" />
              <SequencePoints>
                <SequencePoint vc="40" uspid="13" ordinal="0" sl="13" sc="1" el="13" ec="2" bec="0" bev="0" fileid="37" />
                <SequencePoint vc="40" uspid="14" ordinal="1" sl="14" sc="1" el="14" ec="2" bec="0" bev="0" fileid="37" />
                <SequencePoint vc="40" uspid="15" ordinal="2" sl="15" sc="1" el="15" ec="2" bec="0" bev="0" fileid="37" />
                <SequencePoint vc="40" uspid="16" ordinal="3" sl="16" sc="1" el="16" ec="2" bec="0" bev="0" fileid="37" />
                <SequencePoint vc="40" uspid="17" ordinal="4" sl="17" sc="1" el="17" ec="2" bec="0" bev="0" fileid="37" />
              </SequencePoints>
              <BranchPoints />
              <MethodPoint vc="5" uspid="0" p8:type="SequencePoint" ordinal="3" offset="3" sc="0" sl="13" ec="1" el="17" bec="0" bev="0" fileid="37" xmlns:p8="xsi" />
            </Method>
          </Methods>
        </Class>
        <Class>
          <Summary numSequencePoints="5" visitedSequencePoints="5" numBranchPoints="0" visitedBranchPoints="0" sequenceCoverage="100" branchCoverage="100" maxCyclomaticComplexity="1" minCyclomaticComplexity="1" visitedClasses="1" numClasses="1" visitedMethods="1" numMethods="1" />
          <FullName>DKSKMaui.Backend.Services.ContractorService</FullName>
          <Methods>
            <Method cyclomaticComplexity="1" nPathComplexity="1" sequenceCoverage="100" branchCoverage="100" isConstructor="True" isGetter="False" isSetter="False" isStatic="True">
              <Summary numSequencePoints="5" visitedSequencePoints="5" numBranchPoints="0" visitedBranchPoints="0" sequenceCoverage="100" branchCoverage="100" maxCyclomaticComplexity="1" minCyclomaticComplexity="1" visitedClasses="0" numClasses="0" visitedMethods="1" numMethods="1" />
              <MetadataToken />
              <Name>System.Void DKSKMaui.Backend.Services.ContractorService::.ctor(DKSKMaui.Backend.Data.AppDbContext,Microsoft.Extensions.Logging.ILogger`1&lt;DKSKMaui.Backend.Services.ContractorService&gt;)</Name>
              <FileRef uid="38" />
              <SequencePoints>
                <SequencePoint vc="34" uspid="13" ordinal="0" sl="13" sc="1" el="13" ec="2" bec="0" bev="0" fileid="38" />
                <SequencePoint vc="34" uspid="14" ordinal="1" sl="14" sc="1" el="14" ec="2" bec="0" bev="0" fileid="38" />
                <SequencePoint vc="34" uspid="15" ordinal="2" sl="15" sc="1" el="15" ec="2" bec="0" bev="0" fileid="38" />
                <SequencePoint vc="34" uspid="16" ordinal="3" sl="16" sc="1" el="16" ec="2" bec="0" bev="0" fileid="38" />
                <SequencePoint vc="34" uspid="17" ordinal="4" sl="17" sc="1" el="17" ec="2" bec="0" bev="0" fileid="38" />
              </SequencePoints>
              <BranchPoints />
              <MethodPoint vc="5" uspid="0" p8:type="SequencePoint" ordinal="0" offset="0" sc="0" sl="13" ec="1" el="17" bec="0" bev="0" fileid="38" xmlns:p8="xsi" />
            </Method>
          </Methods>
        </Class>
        <Class>
          <Summary numSequencePoints="1" visitedSequencePoints="1" numBranchPoints="2" visitedBranchPoints="2" sequenceCoverage="100" branchCoverage="100" maxCyclomaticComplexity="2" minCyclomaticComplexity="2" visitedClasses="1" numClasses="1" visitedMethods="1" numMethods="1" />
          <FullName>DKSKMaui.Backend.Services.GlobalStateService</FullName>
          <Methods>
            <Method cyclomaticComplexity="2" nPathComplexity="2" sequenceCoverage="100" branchCoverage="100" isConstructor="False" isGetter="False" isSetter="False" isStatic="True">
              <Summary numSequencePoints="1" visitedSequencePoints="1" numBranchPoints="2" visitedBranchPoints="2" sequenceCoverage="100" branchCoverage="100" maxCyclomaticComplexity="2" minCyclomaticComplexity="2" visitedClasses="0" numClasses="0" visitedMethods="1" numMethods="1" />
              <MetadataToken />
              <Name>System.Void DKSKMaui.Backend.Services.GlobalStateService::NotifyStateChanged()</Name>
              <FileRef uid="39" />
              <SequencePoints>
                <SequencePoint vc="6" uspid="9" ordinal="0" sl="9" sc="1" el="9" ec="2" bec="2" bev="2" fileid="39" />
              </SequencePoints>
              <BranchPoints>
                <BranchPoint vc="2" uspid="9" ordinal="0" path="0" offset="7" offsetend="9" sl="9" fileid="39" />
                <BranchPoint vc="4" uspid="9" ordinal="1" path="1" offset="7" offsetend="12" sl="9" fileid="39" />
              </BranchPoints>
              <MethodPoint vc="1" uspid="0" p8:type="SequencePoint" ordinal="0" offset="0" sc="0" sl="9" ec="1" el="9" bec="0" bev="0" fileid="39" xmlns:p8="xsi" />
            </Method>
          </Methods>
        </Class>
        <Class>
          <Summary numSequencePoints="5" visitedSequencePoints="5" numBranchPoints="0" visitedBranchPoints="0" sequenceCoverage="100" branchCoverage="100" maxCyclomaticComplexity="1" minCyclomaticComplexity="1" visitedClasses="1" numClasses="1" visitedMethods="1" numMethods="1" />
          <FullName>DKSKMaui.Backend.Services.InvoiceService</FullName>
          <Methods>
            <Method cyclomaticComplexity="1" nPathComplexity="1" sequenceCoverage="100" branchCoverage="100" isConstructor="True" isGetter="False" isSetter="False" isStatic="True">
              <Summary numSequencePoints="5" visitedSequencePoints="5" numBranchPoints="0" visitedBranchPoints="0" sequenceCoverage="100" branchCoverage="100" maxCyclomaticComplexity="1" minCyclomaticComplexity="1" visitedClasses="0" numClasses="0" visitedMethods="1" numMethods="1" />
              <MetadataToken />
              <Name>System.Void DKSKMaui.Backend.Services.InvoiceService::.ctor(DKSKMaui.Backend.Data.AppDbContext,Microsoft.Extensions.Logging.ILogger`1&lt;DKSKMaui.Backend.Services.InvoiceService&gt;)</Name>
              <FileRef uid="40" />
              <SequencePoints>
                <SequencePoint vc="54" uspid="13" ordinal="0" sl="13" sc="1" el="13" ec="2" bec="0" bev="0" fileid="40" />
                <SequencePoint vc="54" uspid="14" ordinal="1" sl="14" sc="1" el="14" ec="2" bec="0" bev="0" fileid="40" />
                <SequencePoint vc="54" uspid="15" ordinal="2" sl="15" sc="1" el="15" ec="2" bec="0" bev="0" fileid="40" />
                <SequencePoint vc="54" uspid="16" ordinal="3" sl="16" sc="1" el="16" ec="2" bec="0" bev="0" fileid="40" />
                <SequencePoint vc="54" uspid="17" ordinal="4" sl="17" sc="1" el="17" ec="2" bec="0" bev="0" fileid="40" />
              </SequencePoints>
              <BranchPoints />
              <MethodPoint vc="5" uspid="0" p8:type="SequencePoint" ordinal="0" offset="0" sc="0" sl="13" ec="1" el="17" bec="0" bev="0" fileid="40" xmlns:p8="xsi" />
            </Method>
          </Methods>
        </Class>
        <Class>
          <Summary numSequencePoints="5" visitedSequencePoints="5" numBranchPoints="0" visitedBranchPoints="0" sequenceCoverage="100" branchCoverage="100" maxCyclomaticComplexity="1" minCyclomaticComplexity="1" visitedClasses="1" numClasses="1" visitedMethods="1" numMethods="1" />
          <FullName>DKSKMaui.Backend.Services.MyCompanyInfoService</FullName>
          <Methods>
            <Method cyclomaticComplexity="1" nPathComplexity="1" sequenceCoverage="100" branchCoverage="100" isConstructor="True" isGetter="False" isSetter="False" isStatic="True">
              <Summary numSequencePoints="5" visitedSequencePoints="5" numBranchPoints="0" visitedBranchPoints="0" sequenceCoverage="100" branchCoverage="100" maxCyclomaticComplexity="1" minCyclomaticComplexity="1" visitedClasses="0" numClasses="0" visitedMethods="1" numMethods="1" />
              <MetadataToken />
              <Name>System.Void DKSKMaui.Backend.Services.MyCompanyInfoService::.ctor(DKSKMaui.Backend.Data.AppDbContext,Microsoft.Extensions.Logging.ILogger`1&lt;DKSKMaui.Backend.Services.MyCompanyInfoService&gt;)</Name>
              <FileRef uid="41" />
              <SequencePoints>
                <SequencePoint vc="12" uspid="13" ordinal="0" sl="13" sc="1" el="13" ec="2" bec="0" bev="0" fileid="41" />
                <SequencePoint vc="12" uspid="14" ordinal="1" sl="14" sc="1" el="14" ec="2" bec="0" bev="0" fileid="41" />
                <SequencePoint vc="12" uspid="15" ordinal="2" sl="15" sc="1" el="15" ec="2" bec="0" bev="0" fileid="41" />
                <SequencePoint vc="12" uspid="16" ordinal="3" sl="16" sc="1" el="16" ec="2" bec="0" bev="0" fileid="41" />
                <SequencePoint vc="12" uspid="17" ordinal="4" sl="17" sc="1" el="17" ec="2" bec="0" bev="0" fileid="41" />
              </SequencePoints>
              <BranchPoints />
              <MethodPoint vc="5" uspid="0" p8:type="SequencePoint" ordinal="0" offset="0" sc="0" sl="13" ec="1" el="17" bec="0" bev="0" fileid="41" xmlns:p8="xsi" />
            </Method>
          </Methods>
        </Class>
        <Class>
          <Summary numSequencePoints="5" visitedSequencePoints="5" numBranchPoints="0" visitedBranchPoints="0" sequenceCoverage="100" branchCoverage="100" maxCyclomaticComplexity="1" minCyclomaticComplexity="1" visitedClasses="1" numClasses="1" visitedMethods="1" numMethods="1" />
          <FullName>DKSKMaui.Backend.Services.JobDescriptionService</FullName>
          <Methods>
            <Method cyclomaticComplexity="1" nPathComplexity="1" sequenceCoverage="100" branchCoverage="100" isConstructor="True" isGetter="False" isSetter="False" isStatic="True">
              <Summary numSequencePoints="5" visitedSequencePoints="5" numBranchPoints="0" visitedBranchPoints="0" sequenceCoverage="100" branchCoverage="100" maxCyclomaticComplexity="1" minCyclomaticComplexity="1" visitedClasses="0" numClasses="0" visitedMethods="1" numMethods="1" />
              <MetadataToken />
              <Name>System.Void DKSKMaui.Backend.Services.JobDescriptionService::.ctor(DKSKMaui.Backend.Data.AppDbContext,Microsoft.Extensions.Logging.ILogger`1&lt;DKSKMaui.Backend.Services.JobDescriptionService&gt;)</Name>
              <FileRef uid="42" />
              <SequencePoints>
                <SequencePoint vc="25" uspid="13" ordinal="0" sl="13" sc="1" el="13" ec="2" bec="0" bev="0" fileid="42" />
                <SequencePoint vc="25" uspid="14" ordinal="1" sl="14" sc="1" el="14" ec="2" bec="0" bev="0" fileid="42" />
                <SequencePoint vc="25" uspid="15" ordinal="2" sl="15" sc="1" el="15" ec="2" bec="0" bev="0" fileid="42" />
                <SequencePoint vc="25" uspid="16" ordinal="3" sl="16" sc="1" el="16" ec="2" bec="0" bev="0" fileid="42" />
                <SequencePoint vc="25" uspid="17" ordinal="4" sl="17" sc="1" el="17" ec="2" bec="0" bev="0" fileid="42" />
              </SequencePoints>
              <BranchPoints />
              <MethodPoint vc="5" uspid="0" p8:type="SequencePoint" ordinal="0" offset="0" sc="0" sl="13" ec="1" el="17" bec="0" bev="0" fileid="42" xmlns:p8="xsi" />
            </Method>
          </Methods>
        </Class>
        <Class>
          <Summary numSequencePoints="5" visitedSequencePoints="5" numBranchPoints="0" visitedBranchPoints="0" sequenceCoverage="100" branchCoverage="100" maxCyclomaticComplexity="1" minCyclomaticComplexity="1" visitedClasses="1" numClasses="1" visitedMethods="1" numMethods="1" />
          <FullName>DKSKMaui.Backend.Services.PropertiesService</FullName>
          <Methods>
            <Method cyclomaticComplexity="1" nPathComplexity="1" sequenceCoverage="100" branchCoverage="100" isConstructor="True" isGetter="False" isSetter="False" isStatic="True">
              <Summary numSequencePoints="5" visitedSequencePoints="5" numBranchPoints="0" visitedBranchPoints="0" sequenceCoverage="100" branchCoverage="100" maxCyclomaticComplexity="1" minCyclomaticComplexity="1" visitedClasses="0" numClasses="0" visitedMethods="1" numMethods="1" />
              <MetadataToken />
              <Name>System.Void DKSKMaui.Backend.Services.PropertiesService::.ctor(DKSKMaui.Backend.Data.AppDbContext,Microsoft.Extensions.Logging.ILogger`1&lt;DKSKMaui.Backend.Services.PropertiesService&gt;)</Name>
              <FileRef uid="43" />
              <SequencePoints>
                <SequencePoint vc="25" uspid="13" ordinal="0" sl="13" sc="1" el="13" ec="2" bec="0" bev="0" fileid="43" />
                <SequencePoint vc="25" uspid="14" ordinal="1" sl="14" sc="1" el="14" ec="2" bec="0" bev="0" fileid="43" />
                <SequencePoint vc="25" uspid="15" ordinal="2" sl="15" sc="1" el="15" ec="2" bec="0" bev="0" fileid="43" />
                <SequencePoint vc="25" uspid="16" ordinal="3" sl="16" sc="1" el="16" ec="2" bec="0" bev="0" fileid="43" />
                <SequencePoint vc="25" uspid="17" ordinal="4" sl="17" sc="1" el="17" ec="2" bec="0" bev="0" fileid="43" />
              </SequencePoints>
              <BranchPoints />
              <MethodPoint vc="5" uspid="0" p8:type="SequencePoint" ordinal="0" offset="0" sc="0" sl="13" ec="1" el="17" bec="0" bev="0" fileid="43" xmlns:p8="xsi" />
            </Method>
          </Methods>
        </Class>
        <Class>
          <Summary numSequencePoints="5" visitedSequencePoints="5" numBranchPoints="0" visitedBranchPoints="0" sequenceCoverage="100" branchCoverage="100" maxCyclomaticComplexity="1" minCyclomaticComplexity="1" visitedClasses="1" numClasses="1" visitedMethods="1" numMethods="1" />
          <FullName>DKSKMaui.Backend.Services.SupervisorService</FullName>
          <Methods>
            <Method cyclomaticComplexity="1" nPathComplexity="1" sequenceCoverage="100" branchCoverage="100" isConstructor="True" isGetter="False" isSetter="False" isStatic="True">
              <Summary numSequencePoints="5" visitedSequencePoints="5" numBranchPoints="0" visitedBranchPoints="0" sequenceCoverage="100" branchCoverage="100" maxCyclomaticComplexity="1" minCyclomaticComplexity="1" visitedClasses="0" numClasses="0" visitedMethods="1" numMethods="1" />
              <MetadataToken />
              <Name>System.Void DKSKMaui.Backend.Services.SupervisorService::.ctor(DKSKMaui.Backend.Data.AppDbContext,Microsoft.Extensions.Logging.ILogger`1&lt;DKSKMaui.Backend.Services.SupervisorService&gt;)</Name>
              <FileRef uid="44" />
              <SequencePoints>
                <SequencePoint vc="21" uspid="13" ordinal="0" sl="13" sc="1" el="13" ec="2" bec="0" bev="0" fileid="44" />
                <SequencePoint vc="21" uspid="14" ordinal="1" sl="14" sc="1" el="14" ec="2" bec="0" bev="0" fileid="44" />
                <SequencePoint vc="21" uspid="15" ordinal="2" sl="15" sc="1" el="15" ec="2" bec="0" bev="0" fileid="44" />
                <SequencePoint vc="21" uspid="16" ordinal="3" sl="16" sc="1" el="16" ec="2" bec="0" bev="0" fileid="44" />
                <SequencePoint vc="21" uspid="17" ordinal="4" sl="17" sc="1" el="17" ec="2" bec="0" bev="0" fileid="44" />
              </SequencePoints>
              <BranchPoints />
              <MethodPoint vc="5" uspid="0" p8:type="SequencePoint" ordinal="0" offset="0" sc="0" sl="13" ec="1" el="17" bec="0" bev="0" fileid="44" xmlns:p8="xsi" />
            </Method>
          </Methods>
        </Class>
      </Classes>
    </Module>
  </Modules>
</CoverageSession>